Calling target program-options parser
[23:23:07.823] [bmv2] [D] [thread 13974] Set default default entry for table 'ipv4_lpm': _drop - 
Adding interface s2-eth1 as port 1
[23:23:07.827] [bmv2] [D] [thread 13974] Adding interface s2-eth1 as port 1
Adding interface s2-eth2 as port 2
[23:23:07.866] [bmv2] [D] [thread 13974] Adding interface s2-eth2 as port 2
[23:23:07.898] [bmv2] [I] [thread 13974] Starting Thrift server on port 9091
[23:23:07.899] [bmv2] [I] [thread 13974] Thrift server was started
[23:23:07.899] [bmv2] [D] [thread 13980] [0.0] [cxt 0] Processing packet received on port 1
[23:23:07.899] [bmv2] [D] [thread 13980] [0.0] [cxt 0] Parser 'parser': start
[23:23:07.899] [bmv2] [D] [thread 13980] [0.0] [cxt 0] Parser 'parser' entering state 'start'
[23:23:07.899] [bmv2] [D] [thread 13980] [0.0] [cxt 0] Parser state 'start' has no switch, going to default next state
[23:23:07.899] [bmv2] [T] [thread 13980] [0.0] [cxt 0] Bytes parsed: 0
[23:23:07.899] [bmv2] [D] [thread 13980] [0.0] [cxt 0] Parser 'parser' entering state 'parse_ethernet'
[23:23:07.899] [bmv2] [D] [thread 13980] [0.0] [cxt 0] Extracting header 'ethernet'
[23:23:07.899] [bmv2] [D] [thread 13980] [0.0] [cxt 0] Parser state 'parse_ethernet': key is 86dd
[23:23:07.900] [bmv2] [T] [thread 13980] [0.0] [cxt 0] Bytes parsed: 14
[23:23:07.900] [bmv2] [T] [thread 13980] [0.0] [cxt 0] Skipping checksum 'cksum_0' verification because target field invalid
[23:23:07.900] [bmv2] [D] [thread 13980] [0.0] [cxt 0] Parser 'parser': end
[23:23:07.900] [bmv2] [D] [thread 13980] [0.0] [cxt 0] Pipeline 'ingress': start
[23:23:07.900] [bmv2] [T] [thread 13980] [0.0] [cxt 0] Applying table 'ipv4_lpm'
[23:23:07.900] [bmv2] [D] [thread 13980] [0.0] [cxt 0] Looking up key:
* ipv4.dstAddr        : 00000000

[23:23:07.900] [bmv2] [D] [thread 13980] [0.0] [cxt 0] Table 'ipv4_lpm': miss
[23:23:07.900] [bmv2] [D] [thread 13980] [0.0] [cxt 0] Action entry is _drop - 
[23:23:07.900] [bmv2] [T] [thread 13980] [0.0] [cxt 0] Action _drop
[23:23:07.900] [bmv2] [T] [thread 13980] [0.0] [cxt 0] ip_forward.p4(93) Primitive mark_to_drop(standard_metadata)
[23:23:07.900] [bmv2] [D] [thread 13980] [0.0] [cxt 0] Pipeline 'ingress': end
[23:23:07.900] [bmv2] [D] [thread 13980] [0.0] [cxt 0] Egress port is 511
[23:23:07.900] [bmv2] [D] [thread 13980] [0.0] [cxt 0] Dropping packet at the end of ingress
[23:23:07.915] [bmv2] [D] [thread 13980] [1.0] [cxt 0] Processing packet received on port 2
[23:23:07.915] [bmv2] [D] [thread 13980] [1.0] [cxt 0] Parser 'parser': start
[23:23:07.915] [bmv2] [D] [thread 13980] [1.0] [cxt 0] Parser 'parser' entering state 'start'
[23:23:07.915] [bmv2] [D] [thread 13980] [1.0] [cxt 0] Parser state 'start' has no switch, going to default next state
[23:23:07.915] [bmv2] [T] [thread 13980] [1.0] [cxt 0] Bytes parsed: 0
[23:23:07.915] [bmv2] [D] [thread 13980] [1.0] [cxt 0] Parser 'parser' entering state 'parse_ethernet'
[23:23:07.915] [bmv2] [D] [thread 13980] [1.0] [cxt 0] Extracting header 'ethernet'
[23:23:07.916] [bmv2] [D] [thread 13980] [1.0] [cxt 0] Parser state 'parse_ethernet': key is 86dd
[23:23:07.916] [bmv2] [T] [thread 13980] [1.0] [cxt 0] Bytes parsed: 14
[23:23:07.916] [bmv2] [T] [thread 13980] [1.0] [cxt 0] Skipping checksum 'cksum_0' verification because target field invalid
[23:23:07.916] [bmv2] [D] [thread 13980] [1.0] [cxt 0] Parser 'parser': end
[23:23:07.916] [bmv2] [D] [thread 13980] [1.0] [cxt 0] Pipeline 'ingress': start
[23:23:07.916] [bmv2] [T] [thread 13980] [1.0] [cxt 0] Applying table 'ipv4_lpm'
[23:23:07.916] [bmv2] [D] [thread 13980] [1.0] [cxt 0] Looking up key:
* ipv4.dstAddr        : 00000000

[23:23:07.916] [bmv2] [D] [thread 13980] [1.0] [cxt 0] Table 'ipv4_lpm': miss
[23:23:07.916] [bmv2] [D] [thread 13980] [1.0] [cxt 0] Action entry is _drop - 
[23:23:07.916] [bmv2] [T] [thread 13980] [1.0] [cxt 0] Action _drop
[23:23:07.916] [bmv2] [T] [thread 13980] [1.0] [cxt 0] ip_forward.p4(93) Primitive mark_to_drop(standard_metadata)
[23:23:07.916] [bmv2] [D] [thread 13980] [1.0] [cxt 0] Pipeline 'ingress': end
[23:23:07.916] [bmv2] [D] [thread 13980] [1.0] [cxt 0] Egress port is 511
[23:23:07.916] [bmv2] [D] [thread 13980] [1.0] [cxt 0] Dropping packet at the end of ingress
[23:23:07.941] [bmv2] [D] [thread 13980] [2.0] [cxt 0] Processing packet received on port 2
[23:23:07.941] [bmv2] [D] [thread 13980] [2.0] [cxt 0] Parser 'parser': start
[23:23:07.941] [bmv2] [D] [thread 13980] [2.0] [cxt 0] Parser 'parser' entering state 'start'
[23:23:07.941] [bmv2] [D] [thread 13980] [2.0] [cxt 0] Parser state 'start' has no switch, going to default next state
[23:23:07.941] [bmv2] [T] [thread 13980] [2.0] [cxt 0] Bytes parsed: 0
[23:23:07.941] [bmv2] [D] [thread 13980] [2.0] [cxt 0] Parser 'parser' entering state 'parse_ethernet'
[23:23:07.941] [bmv2] [D] [thread 13980] [2.0] [cxt 0] Extracting header 'ethernet'
[23:23:07.941] [bmv2] [D] [thread 13980] [2.0] [cxt 0] Parser state 'parse_ethernet': key is 86dd
[23:23:07.941] [bmv2] [T] [thread 13980] [2.0] [cxt 0] Bytes parsed: 14
[23:23:07.941] [bmv2] [T] [thread 13980] [2.0] [cxt 0] Skipping checksum 'cksum_0' verification because target field invalid
[23:23:07.941] [bmv2] [D] [thread 13980] [2.0] [cxt 0] Parser 'parser': end
[23:23:07.941] [bmv2] [D] [thread 13980] [2.0] [cxt 0] Pipeline 'ingress': start
[23:23:07.941] [bmv2] [T] [thread 13980] [2.0] [cxt 0] Applying table 'ipv4_lpm'
[23:23:07.941] [bmv2] [D] [thread 13980] [2.0] [cxt 0] Looking up key:
* ipv4.dstAddr        : 00000000

[23:23:07.941] [bmv2] [D] [thread 13980] [2.0] [cxt 0] Table 'ipv4_lpm': miss
[23:23:07.941] [bmv2] [D] [thread 13980] [2.0] [cxt 0] Action entry is _drop - 
[23:23:07.941] [bmv2] [T] [thread 13980] [2.0] [cxt 0] Action _drop
[23:23:07.941] [bmv2] [T] [thread 13980] [2.0] [cxt 0] ip_forward.p4(93) Primitive mark_to_drop(standard_metadata)
[23:23:07.941] [bmv2] [D] [thread 13980] [2.0] [cxt 0] Pipeline 'ingress': end
[23:23:07.941] [bmv2] [D] [thread 13980] [2.0] [cxt 0] Egress port is 511
[23:23:07.941] [bmv2] [D] [thread 13980] [2.0] [cxt 0] Dropping packet at the end of ingress
[23:23:08.013] [bmv2] [D] [thread 13980] [3.0] [cxt 0] Processing packet received on port 1
[23:23:08.013] [bmv2] [D] [thread 13980] [3.0] [cxt 0] Parser 'parser': start
[23:23:08.013] [bmv2] [D] [thread 13980] [3.0] [cxt 0] Parser 'parser' entering state 'start'
[23:23:08.013] [bmv2] [D] [thread 13980] [3.0] [cxt 0] Parser state 'start' has no switch, going to default next state
[23:23:08.013] [bmv2] [T] [thread 13980] [3.0] [cxt 0] Bytes parsed: 0
[23:23:08.013] [bmv2] [D] [thread 13980] [3.0] [cxt 0] Parser 'parser' entering state 'parse_ethernet'
[23:23:08.013] [bmv2] [D] [thread 13980] [3.0] [cxt 0] Extracting header 'ethernet'
[23:23:08.013] [bmv2] [D] [thread 13980] [3.0] [cxt 0] Parser state 'parse_ethernet': key is 86dd
[23:23:08.013] [bmv2] [T] [thread 13980] [3.0] [cxt 0] Bytes parsed: 14
[23:23:08.013] [bmv2] [T] [thread 13980] [3.0] [cxt 0] Skipping checksum 'cksum_0' verification because target field invalid
[23:23:08.013] [bmv2] [D] [thread 13980] [3.0] [cxt 0] Parser 'parser': end
[23:23:08.013] [bmv2] [D] [thread 13980] [3.0] [cxt 0] Pipeline 'ingress': start
[23:23:08.013] [bmv2] [T] [thread 13980] [3.0] [cxt 0] Applying table 'ipv4_lpm'
[23:23:08.013] [bmv2] [D] [thread 13980] [3.0] [cxt 0] Looking up key:
* ipv4.dstAddr        : 00000000

[23:23:08.013] [bmv2] [D] [thread 13980] [3.0] [cxt 0] Table 'ipv4_lpm': miss
[23:23:08.013] [bmv2] [D] [thread 13980] [3.0] [cxt 0] Action entry is _drop - 
[23:23:08.013] [bmv2] [T] [thread 13980] [3.0] [cxt 0] Action _drop
[23:23:08.013] [bmv2] [T] [thread 13980] [3.0] [cxt 0] ip_forward.p4(93) Primitive mark_to_drop(standard_metadata)
[23:23:08.013] [bmv2] [D] [thread 13980] [3.0] [cxt 0] Pipeline 'ingress': end
[23:23:08.013] [bmv2] [D] [thread 13980] [3.0] [cxt 0] Egress port is 511
[23:23:08.013] [bmv2] [D] [thread 13980] [3.0] [cxt 0] Dropping packet at the end of ingress
[23:23:08.070] [bmv2] [D] [thread 13980] [4.0] [cxt 0] Processing packet received on port 1
[23:23:08.070] [bmv2] [D] [thread 13980] [4.0] [cxt 0] Parser 'parser': start
[23:23:08.070] [bmv2] [D] [thread 13980] [4.0] [cxt 0] Parser 'parser' entering state 'start'
[23:23:08.070] [bmv2] [D] [thread 13980] [4.0] [cxt 0] Parser state 'start' has no switch, going to default next state
[23:23:08.071] [bmv2] [T] [thread 13980] [4.0] [cxt 0] Bytes parsed: 0
[23:23:08.071] [bmv2] [D] [thread 13980] [4.0] [cxt 0] Parser 'parser' entering state 'parse_ethernet'
[23:23:08.071] [bmv2] [D] [thread 13980] [4.0] [cxt 0] Extracting header 'ethernet'
[23:23:08.071] [bmv2] [D] [thread 13980] [4.0] [cxt 0] Parser state 'parse_ethernet': key is 86dd
[23:23:08.071] [bmv2] [T] [thread 13980] [4.0] [cxt 0] Bytes parsed: 14
[23:23:08.071] [bmv2] [T] [thread 13980] [4.0] [cxt 0] Skipping checksum 'cksum_0' verification because target field invalid
[23:23:08.071] [bmv2] [D] [thread 13980] [4.0] [cxt 0] Parser 'parser': end
[23:23:08.071] [bmv2] [D] [thread 13980] [4.0] [cxt 0] Pipeline 'ingress': start
[23:23:08.071] [bmv2] [T] [thread 13980] [4.0] [cxt 0] Applying table 'ipv4_lpm'
[23:23:08.071] [bmv2] [D] [thread 13980] [4.0] [cxt 0] Looking up key:
* ipv4.dstAddr        : 00000000

[23:23:08.071] [bmv2] [D] [thread 13980] [4.0] [cxt 0] Table 'ipv4_lpm': miss
[23:23:08.071] [bmv2] [D] [thread 13980] [4.0] [cxt 0] Action entry is _drop - 
[23:23:08.071] [bmv2] [T] [thread 13980] [4.0] [cxt 0] Action _drop
[23:23:08.071] [bmv2] [T] [thread 13980] [4.0] [cxt 0] ip_forward.p4(93) Primitive mark_to_drop(standard_metadata)
[23:23:08.071] [bmv2] [D] [thread 13980] [4.0] [cxt 0] Pipeline 'ingress': end
[23:23:08.071] [bmv2] [D] [thread 13980] [4.0] [cxt 0] Egress port is 511
[23:23:08.071] [bmv2] [D] [thread 13980] [4.0] [cxt 0] Dropping packet at the end of ingress
[23:23:08.129] [bmv2] [D] [thread 13980] [5.0] [cxt 0] Processing packet received on port 2
[23:23:08.129] [bmv2] [D] [thread 13980] [5.0] [cxt 0] Parser 'parser': start
[23:23:08.129] [bmv2] [D] [thread 13980] [5.0] [cxt 0] Parser 'parser' entering state 'start'
[23:23:08.129] [bmv2] [D] [thread 13980] [5.0] [cxt 0] Parser state 'start' has no switch, going to default next state
[23:23:08.129] [bmv2] [T] [thread 13980] [5.0] [cxt 0] Bytes parsed: 0
[23:23:08.129] [bmv2] [D] [thread 13980] [5.0] [cxt 0] Parser 'parser' entering state 'parse_ethernet'
[23:23:08.129] [bmv2] [D] [thread 13980] [5.0] [cxt 0] Extracting header 'ethernet'
[23:23:08.129] [bmv2] [D] [thread 13980] [5.0] [cxt 0] Parser state 'parse_ethernet': key is 86dd
[23:23:08.129] [bmv2] [T] [thread 13980] [5.0] [cxt 0] Bytes parsed: 14
[23:23:08.129] [bmv2] [T] [thread 13980] [5.0] [cxt 0] Skipping checksum 'cksum_0' verification because target field invalid
[23:23:08.130] [bmv2] [D] [thread 13980] [5.0] [cxt 0] Parser 'parser': end
[23:23:08.130] [bmv2] [D] [thread 13980] [5.0] [cxt 0] Pipeline 'ingress': start
[23:23:08.130] [bmv2] [T] [thread 13980] [5.0] [cxt 0] Applying table 'ipv4_lpm'
[23:23:08.130] [bmv2] [D] [thread 13980] [5.0] [cxt 0] Looking up key:
* ipv4.dstAddr        : 00000000

[23:23:08.130] [bmv2] [D] [thread 13980] [5.0] [cxt 0] Table 'ipv4_lpm': miss
[23:23:08.130] [bmv2] [D] [thread 13980] [5.0] [cxt 0] Action entry is _drop - 
[23:23:08.130] [bmv2] [T] [thread 13980] [5.0] [cxt 0] Action _drop
[23:23:08.135] [bmv2] [T] [thread 13980] [5.0] [cxt 0] ip_forward.p4(93) Primitive mark_to_drop(standard_metadata)
[23:23:08.135] [bmv2] [D] [thread 13980] [5.0] [cxt 0] Pipeline 'ingress': end
[23:23:08.135] [bmv2] [D] [thread 13980] [5.0] [cxt 0] Egress port is 511
[23:23:08.135] [bmv2] [D] [thread 13980] [5.0] [cxt 0] Dropping packet at the end of ingress
[23:23:08.136] [bmv2] [D] [thread 13980] [6.0] [cxt 0] Processing packet received on port 2
[23:23:08.136] [bmv2] [D] [thread 13980] [6.0] [cxt 0] Parser 'parser': start
[23:23:08.136] [bmv2] [D] [thread 13980] [6.0] [cxt 0] Parser 'parser' entering state 'start'
[23:23:08.136] [bmv2] [D] [thread 13980] [6.0] [cxt 0] Parser state 'start' has no switch, going to default next state
[23:23:08.136] [bmv2] [T] [thread 13980] [6.0] [cxt 0] Bytes parsed: 0
[23:23:08.136] [bmv2] [D] [thread 13980] [6.0] [cxt 0] Parser 'parser' entering state 'parse_ethernet'
[23:23:08.136] [bmv2] [D] [thread 13980] [6.0] [cxt 0] Extracting header 'ethernet'
[23:23:08.136] [bmv2] [D] [thread 13980] [6.0] [cxt 0] Parser state 'parse_ethernet': key is 86dd
[23:23:08.136] [bmv2] [T] [thread 13980] [6.0] [cxt 0] Bytes parsed: 14
[23:23:08.136] [bmv2] [T] [thread 13980] [6.0] [cxt 0] Skipping checksum 'cksum_0' verification because target field invalid
[23:23:08.136] [bmv2] [D] [thread 13980] [6.0] [cxt 0] Parser 'parser': end
[23:23:08.136] [bmv2] [D] [thread 13980] [6.0] [cxt 0] Pipeline 'ingress': start
[23:23:08.136] [bmv2] [T] [thread 13980] [6.0] [cxt 0] Applying table 'ipv4_lpm'
[23:23:08.136] [bmv2] [D] [thread 13980] [6.0] [cxt 0] Looking up key:
* ipv4.dstAddr        : 00000000

[23:23:08.136] [bmv2] [D] [thread 13980] [6.0] [cxt 0] Table 'ipv4_lpm': miss
[23:23:08.137] [bmv2] [D] [thread 13980] [6.0] [cxt 0] Action entry is _drop - 
[23:23:08.137] [bmv2] [T] [thread 13980] [6.0] [cxt 0] Action _drop
[23:23:08.137] [bmv2] [T] [thread 13980] [6.0] [cxt 0] ip_forward.p4(93) Primitive mark_to_drop(standard_metadata)
[23:23:08.137] [bmv2] [D] [thread 13980] [6.0] [cxt 0] Pipeline 'ingress': end
[23:23:08.137] [bmv2] [D] [thread 13980] [6.0] [cxt 0] Egress port is 511
[23:23:08.137] [bmv2] [D] [thread 13980] [6.0] [cxt 0] Dropping packet at the end of ingress
[23:23:08.141] [bmv2] [D] [thread 13980] [7.0] [cxt 0] Processing packet received on port 2
[23:23:08.141] [bmv2] [D] [thread 13980] [7.0] [cxt 0] Parser 'parser': start
[23:23:08.141] [bmv2] [D] [thread 13980] [7.0] [cxt 0] Parser 'parser' entering state 'start'
[23:23:08.141] [bmv2] [D] [thread 13980] [7.0] [cxt 0] Parser state 'start' has no switch, going to default next state
[23:23:08.141] [bmv2] [T] [thread 13980] [7.0] [cxt 0] Bytes parsed: 0
[23:23:08.141] [bmv2] [D] [thread 13980] [7.0] [cxt 0] Parser 'parser' entering state 'parse_ethernet'
[23:23:08.142] [bmv2] [D] [thread 13980] [7.0] [cxt 0] Extracting header 'ethernet'
[23:23:08.142] [bmv2] [D] [thread 13980] [7.0] [cxt 0] Parser state 'parse_ethernet': key is 86dd
[23:23:08.142] [bmv2] [T] [thread 13980] [7.0] [cxt 0] Bytes parsed: 14
[23:23:08.142] [bmv2] [T] [thread 13980] [7.0] [cxt 0] Skipping checksum 'cksum_0' verification because target field invalid
[23:23:08.142] [bmv2] [D] [thread 13980] [7.0] [cxt 0] Parser 'parser': end
[23:23:08.142] [bmv2] [D] [thread 13980] [7.0] [cxt 0] Pipeline 'ingress': start
[23:23:08.142] [bmv2] [T] [thread 13980] [7.0] [cxt 0] Applying table 'ipv4_lpm'
[23:23:08.142] [bmv2] [D] [thread 13980] [7.0] [cxt 0] Looking up key:
* ipv4.dstAddr        : 00000000

[23:23:08.142] [bmv2] [D] [thread 13980] [7.0] [cxt 0] Table 'ipv4_lpm': miss
[23:23:08.142] [bmv2] [D] [thread 13980] [7.0] [cxt 0] Action entry is _drop - 
[23:23:08.142] [bmv2] [T] [thread 13980] [7.0] [cxt 0] Action _drop
[23:23:08.142] [bmv2] [T] [thread 13980] [7.0] [cxt 0] ip_forward.p4(93) Primitive mark_to_drop(standard_metadata)
[23:23:08.143] [bmv2] [D] [thread 13980] [7.0] [cxt 0] Pipeline 'ingress': end
[23:23:08.143] [bmv2] [D] [thread 13980] [7.0] [cxt 0] Egress port is 511
[23:23:08.143] [bmv2] [D] [thread 13980] [7.0] [cxt 0] Dropping packet at the end of ingress
[23:23:08.194] [bmv2] [D] [thread 13980] [8.0] [cxt 0] Processing packet received on port 2
[23:23:08.194] [bmv2] [D] [thread 13980] [8.0] [cxt 0] Parser 'parser': start
[23:23:08.194] [bmv2] [D] [thread 13980] [8.0] [cxt 0] Parser 'parser' entering state 'start'
[23:23:08.194] [bmv2] [D] [thread 13980] [8.0] [cxt 0] Parser state 'start' has no switch, going to default next state
[23:23:08.194] [bmv2] [T] [thread 13980] [8.0] [cxt 0] Bytes parsed: 0
[23:23:08.194] [bmv2] [D] [thread 13980] [8.0] [cxt 0] Parser 'parser' entering state 'parse_ethernet'
[23:23:08.194] [bmv2] [D] [thread 13980] [8.0] [cxt 0] Extracting header 'ethernet'
[23:23:08.195] [bmv2] [D] [thread 13980] [8.0] [cxt 0] Parser state 'parse_ethernet': key is 86dd
[23:23:08.195] [bmv2] [T] [thread 13980] [8.0] [cxt 0] Bytes parsed: 14
[23:23:08.195] [bmv2] [T] [thread 13980] [8.0] [cxt 0] Skipping checksum 'cksum_0' verification because target field invalid
[23:23:08.195] [bmv2] [D] [thread 13980] [8.0] [cxt 0] Parser 'parser': end
[23:23:08.195] [bmv2] [D] [thread 13980] [8.0] [cxt 0] Pipeline 'ingress': start
[23:23:08.195] [bmv2] [T] [thread 13980] [8.0] [cxt 0] Applying table 'ipv4_lpm'
[23:23:08.195] [bmv2] [D] [thread 13980] [8.0] [cxt 0] Looking up key:
* ipv4.dstAddr        : 00000000

[23:23:08.195] [bmv2] [D] [thread 13980] [8.0] [cxt 0] Table 'ipv4_lpm': miss
[23:23:08.195] [bmv2] [D] [thread 13980] [8.0] [cxt 0] Action entry is _drop - 
[23:23:08.195] [bmv2] [T] [thread 13980] [8.0] [cxt 0] Action _drop
[23:23:08.195] [bmv2] [T] [thread 13980] [8.0] [cxt 0] ip_forward.p4(93) Primitive mark_to_drop(standard_metadata)
[23:23:08.195] [bmv2] [D] [thread 13980] [8.0] [cxt 0] Pipeline 'ingress': end
[23:23:08.195] [bmv2] [D] [thread 13980] [8.0] [cxt 0] Egress port is 511
[23:23:08.195] [bmv2] [D] [thread 13980] [8.0] [cxt 0] Dropping packet at the end of ingress
[23:23:08.195] [bmv2] [D] [thread 13980] [9.0] [cxt 0] Processing packet received on port 2
[23:23:08.195] [bmv2] [D] [thread 13980] [9.0] [cxt 0] Parser 'parser': start
[23:23:08.195] [bmv2] [D] [thread 13980] [9.0] [cxt 0] Parser 'parser' entering state 'start'
[23:23:08.195] [bmv2] [D] [thread 13980] [9.0] [cxt 0] Parser state 'start' has no switch, going to default next state
[23:23:08.195] [bmv2] [T] [thread 13980] [9.0] [cxt 0] Bytes parsed: 0
[23:23:08.195] [bmv2] [D] [thread 13980] [9.0] [cxt 0] Parser 'parser' entering state 'parse_ethernet'
[23:23:08.195] [bmv2] [D] [thread 13980] [9.0] [cxt 0] Extracting header 'ethernet'
[23:23:08.195] [bmv2] [D] [thread 13980] [9.0] [cxt 0] Parser state 'parse_ethernet': key is 86dd
[23:23:08.195] [bmv2] [T] [thread 13980] [9.0] [cxt 0] Bytes parsed: 14
[23:23:08.195] [bmv2] [T] [thread 13980] [9.0] [cxt 0] Skipping checksum 'cksum_0' verification because target field invalid
[23:23:08.195] [bmv2] [D] [thread 13980] [9.0] [cxt 0] Parser 'parser': end
[23:23:08.196] [bmv2] [D] [thread 13980] [9.0] [cxt 0] Pipeline 'ingress': start
[23:23:08.196] [bmv2] [T] [thread 13980] [9.0] [cxt 0] Applying table 'ipv4_lpm'
[23:23:08.196] [bmv2] [D] [thread 13980] [9.0] [cxt 0] Looking up key:
* ipv4.dstAddr        : 00000000

[23:23:08.196] [bmv2] [D] [thread 13980] [9.0] [cxt 0] Table 'ipv4_lpm': miss
[23:23:08.196] [bmv2] [D] [thread 13980] [9.0] [cxt 0] Action entry is _drop - 
[23:23:08.196] [bmv2] [T] [thread 13980] [9.0] [cxt 0] Action _drop
[23:23:08.196] [bmv2] [T] [thread 13980] [9.0] [cxt 0] ip_forward.p4(93) Primitive mark_to_drop(standard_metadata)
[23:23:08.196] [bmv2] [D] [thread 13980] [9.0] [cxt 0] Pipeline 'ingress': end
[23:23:08.196] [bmv2] [D] [thread 13980] [9.0] [cxt 0] Egress port is 511
[23:23:08.196] [bmv2] [D] [thread 13980] [9.0] [cxt 0] Dropping packet at the end of ingress
[23:23:08.271] [bmv2] [D] [thread 13980] [10.0] [cxt 0] Processing packet received on port 2
[23:23:08.271] [bmv2] [D] [thread 13980] [10.0] [cxt 0] Parser 'parser': start
[23:23:08.271] [bmv2] [D] [thread 13980] [10.0] [cxt 0] Parser 'parser' entering state 'start'
[23:23:08.271] [bmv2] [D] [thread 13980] [10.0] [cxt 0] Parser state 'start' has no switch, going to default next state
[23:23:08.271] [bmv2] [T] [thread 13980] [10.0] [cxt 0] Bytes parsed: 0
[23:23:08.272] [bmv2] [D] [thread 13980] [10.0] [cxt 0] Parser 'parser' entering state 'parse_ethernet'
[23:23:08.272] [bmv2] [D] [thread 13980] [10.0] [cxt 0] Extracting header 'ethernet'
[23:23:08.272] [bmv2] [D] [thread 13980] [10.0] [cxt 0] Parser state 'parse_ethernet': key is 86dd
[23:23:08.272] [bmv2] [T] [thread 13980] [10.0] [cxt 0] Bytes parsed: 14
[23:23:08.272] [bmv2] [T] [thread 13980] [10.0] [cxt 0] Skipping checksum 'cksum_0' verification because target field invalid
[23:23:08.272] [bmv2] [D] [thread 13980] [10.0] [cxt 0] Parser 'parser': end
[23:23:08.272] [bmv2] [D] [thread 13980] [10.0] [cxt 0] Pipeline 'ingress': start
[23:23:08.272] [bmv2] [T] [thread 13980] [10.0] [cxt 0] Applying table 'ipv4_lpm'
[23:23:08.272] [bmv2] [D] [thread 13980] [10.0] [cxt 0] Looking up key:
* ipv4.dstAddr        : 00000000

[23:23:08.272] [bmv2] [D] [thread 13980] [10.0] [cxt 0] Table 'ipv4_lpm': miss
[23:23:08.272] [bmv2] [D] [thread 13980] [10.0] [cxt 0] Action entry is _drop - 
[23:23:08.272] [bmv2] [T] [thread 13980] [10.0] [cxt 0] Action _drop
[23:23:08.272] [bmv2] [T] [thread 13980] [10.0] [cxt 0] ip_forward.p4(93) Primitive mark_to_drop(standard_metadata)
[23:23:08.272] [bmv2] [D] [thread 13980] [10.0] [cxt 0] Pipeline 'ingress': end
[23:23:08.273] [bmv2] [D] [thread 13980] [10.0] [cxt 0] Egress port is 511
[23:23:08.273] [bmv2] [D] [thread 13980] [10.0] [cxt 0] Dropping packet at the end of ingress
[23:23:08.273] [bmv2] [D] [thread 13980] [11.0] [cxt 0] Processing packet received on port 2
[23:23:08.273] [bmv2] [D] [thread 13980] [11.0] [cxt 0] Parser 'parser': start
[23:23:08.273] [bmv2] [D] [thread 13980] [11.0] [cxt 0] Parser 'parser' entering state 'start'
[23:23:08.273] [bmv2] [D] [thread 13980] [11.0] [cxt 0] Parser state 'start' has no switch, going to default next state
[23:23:08.273] [bmv2] [T] [thread 13980] [11.0] [cxt 0] Bytes parsed: 0
[23:23:08.273] [bmv2] [D] [thread 13980] [11.0] [cxt 0] Parser 'parser' entering state 'parse_ethernet'
[23:23:08.273] [bmv2] [D] [thread 13980] [11.0] [cxt 0] Extracting header 'ethernet'
[23:23:08.274] [bmv2] [D] [thread 13980] [11.0] [cxt 0] Parser state 'parse_ethernet': key is 86dd
[23:23:08.274] [bmv2] [T] [thread 13980] [11.0] [cxt 0] Bytes parsed: 14
[23:23:08.274] [bmv2] [T] [thread 13980] [11.0] [cxt 0] Skipping checksum 'cksum_0' verification because target field invalid
[23:23:08.274] [bmv2] [D] [thread 13980] [11.0] [cxt 0] Parser 'parser': end
[23:23:08.274] [bmv2] [D] [thread 13980] [11.0] [cxt 0] Pipeline 'ingress': start
[23:23:08.274] [bmv2] [T] [thread 13980] [11.0] [cxt 0] Applying table 'ipv4_lpm'
[23:23:08.274] [bmv2] [D] [thread 13980] [11.0] [cxt 0] Looking up key:
* ipv4.dstAddr        : 00000000

[23:23:08.274] [bmv2] [D] [thread 13980] [11.0] [cxt 0] Table 'ipv4_lpm': miss
[23:23:08.274] [bmv2] [D] [thread 13980] [11.0] [cxt 0] Action entry is _drop - 
[23:23:08.274] [bmv2] [T] [thread 13980] [11.0] [cxt 0] Action _drop
[23:23:08.274] [bmv2] [T] [thread 13980] [11.0] [cxt 0] ip_forward.p4(93) Primitive mark_to_drop(standard_metadata)
[23:23:08.275] [bmv2] [D] [thread 13980] [11.0] [cxt 0] Pipeline 'ingress': end
[23:23:08.275] [bmv2] [D] [thread 13980] [11.0] [cxt 0] Egress port is 511
[23:23:08.275] [bmv2] [D] [thread 13980] [11.0] [cxt 0] Dropping packet at the end of ingress
[23:23:08.275] [bmv2] [D] [thread 13980] [12.0] [cxt 0] Processing packet received on port 1
[23:23:08.275] [bmv2] [D] [thread 13980] [12.0] [cxt 0] Parser 'parser': start
[23:23:08.276] [bmv2] [D] [thread 13980] [12.0] [cxt 0] Parser 'parser' entering state 'start'
[23:23:08.276] [bmv2] [D] [thread 13980] [12.0] [cxt 0] Parser state 'start' has no switch, going to default next state
[23:23:08.276] [bmv2] [T] [thread 13980] [12.0] [cxt 0] Bytes parsed: 0
[23:23:08.276] [bmv2] [D] [thread 13980] [12.0] [cxt 0] Parser 'parser' entering state 'parse_ethernet'
[23:23:08.276] [bmv2] [D] [thread 13980] [12.0] [cxt 0] Extracting header 'ethernet'
[23:23:08.276] [bmv2] [D] [thread 13980] [12.0] [cxt 0] Parser state 'parse_ethernet': key is 86dd
[23:23:08.276] [bmv2] [T] [thread 13980] [12.0] [cxt 0] Bytes parsed: 14
[23:23:08.276] [bmv2] [T] [thread 13980] [12.0] [cxt 0] Skipping checksum 'cksum_0' verification because target field invalid
[23:23:08.276] [bmv2] [D] [thread 13980] [12.0] [cxt 0] Parser 'parser': end
[23:23:08.276] [bmv2] [D] [thread 13980] [12.0] [cxt 0] Pipeline 'ingress': start
[23:23:08.276] [bmv2] [T] [thread 13980] [12.0] [cxt 0] Applying table 'ipv4_lpm'
[23:23:08.276] [bmv2] [D] [thread 13980] [12.0] [cxt 0] Looking up key:
* ipv4.dstAddr        : 00000000

[23:23:08.276] [bmv2] [D] [thread 13980] [12.0] [cxt 0] Table 'ipv4_lpm': miss
[23:23:08.276] [bmv2] [D] [thread 13980] [12.0] [cxt 0] Action entry is _drop - 
[23:23:08.276] [bmv2] [T] [thread 13980] [12.0] [cxt 0] Action _drop
[23:23:08.276] [bmv2] [T] [thread 13980] [12.0] [cxt 0] ip_forward.p4(93) Primitive mark_to_drop(standard_metadata)
[23:23:08.277] [bmv2] [D] [thread 13980] [12.0] [cxt 0] Pipeline 'ingress': end
[23:23:08.277] [bmv2] [D] [thread 13980] [12.0] [cxt 0] Egress port is 511
[23:23:08.277] [bmv2] [D] [thread 13980] [12.0] [cxt 0] Dropping packet at the end of ingress
[23:23:08.358] [bmv2] [D] [thread 13980] [13.0] [cxt 0] Processing packet received on port 2
[23:23:08.358] [bmv2] [D] [thread 13980] [13.0] [cxt 0] Parser 'parser': start
[23:23:08.358] [bmv2] [D] [thread 13980] [13.0] [cxt 0] Parser 'parser' entering state 'start'
[23:23:08.358] [bmv2] [D] [thread 13980] [13.0] [cxt 0] Parser state 'start' has no switch, going to default next state
[23:23:08.358] [bmv2] [T] [thread 13980] [13.0] [cxt 0] Bytes parsed: 0
[23:23:08.358] [bmv2] [D] [thread 13980] [13.0] [cxt 0] Parser 'parser' entering state 'parse_ethernet'
[23:23:08.358] [bmv2] [D] [thread 13980] [13.0] [cxt 0] Extracting header 'ethernet'
[23:23:08.358] [bmv2] [D] [thread 13980] [13.0] [cxt 0] Parser state 'parse_ethernet': key is 86dd
[23:23:08.358] [bmv2] [T] [thread 13980] [13.0] [cxt 0] Bytes parsed: 14
[23:23:08.358] [bmv2] [T] [thread 13980] [13.0] [cxt 0] Skipping checksum 'cksum_0' verification because target field invalid
[23:23:08.358] [bmv2] [D] [thread 13980] [13.0] [cxt 0] Parser 'parser': end
[23:23:08.358] [bmv2] [D] [thread 13980] [13.0] [cxt 0] Pipeline 'ingress': start
[23:23:08.358] [bmv2] [T] [thread 13980] [13.0] [cxt 0] Applying table 'ipv4_lpm'
[23:23:08.358] [bmv2] [D] [thread 13980] [13.0] [cxt 0] Looking up key:
* ipv4.dstAddr        : 00000000

[23:23:08.358] [bmv2] [D] [thread 13980] [13.0] [cxt 0] Table 'ipv4_lpm': miss
[23:23:08.359] [bmv2] [D] [thread 13980] [13.0] [cxt 0] Action entry is _drop - 
[23:23:08.359] [bmv2] [T] [thread 13980] [13.0] [cxt 0] Action _drop
[23:23:08.359] [bmv2] [T] [thread 13980] [13.0] [cxt 0] ip_forward.p4(93) Primitive mark_to_drop(standard_metadata)
[23:23:08.359] [bmv2] [D] [thread 13980] [13.0] [cxt 0] Pipeline 'ingress': end
[23:23:08.359] [bmv2] [D] [thread 13980] [13.0] [cxt 0] Egress port is 511
[23:23:08.359] [bmv2] [D] [thread 13980] [13.0] [cxt 0] Dropping packet at the end of ingress
[23:23:08.362] [bmv2] [D] [thread 13980] [14.0] [cxt 0] Processing packet received on port 2
[23:23:08.362] [bmv2] [D] [thread 13980] [14.0] [cxt 0] Parser 'parser': start
[23:23:08.362] [bmv2] [D] [thread 13980] [14.0] [cxt 0] Parser 'parser' entering state 'start'
[23:23:08.362] [bmv2] [D] [thread 13980] [14.0] [cxt 0] Parser state 'start' has no switch, going to default next state
[23:23:08.362] [bmv2] [T] [thread 13980] [14.0] [cxt 0] Bytes parsed: 0
[23:23:08.362] [bmv2] [D] [thread 13980] [14.0] [cxt 0] Parser 'parser' entering state 'parse_ethernet'
[23:23:08.362] [bmv2] [D] [thread 13980] [14.0] [cxt 0] Extracting header 'ethernet'
[23:23:08.362] [bmv2] [D] [thread 13980] [14.0] [cxt 0] Parser state 'parse_ethernet': key is 86dd
[23:23:08.362] [bmv2] [T] [thread 13980] [14.0] [cxt 0] Bytes parsed: 14
[23:23:08.362] [bmv2] [T] [thread 13980] [14.0] [cxt 0] Skipping checksum 'cksum_0' verification because target field invalid
[23:23:08.362] [bmv2] [D] [thread 13980] [14.0] [cxt 0] Parser 'parser': end
[23:23:08.362] [bmv2] [D] [thread 13980] [14.0] [cxt 0] Pipeline 'ingress': start
[23:23:08.362] [bmv2] [T] [thread 13980] [14.0] [cxt 0] Applying table 'ipv4_lpm'
[23:23:08.362] [bmv2] [D] [thread 13980] [14.0] [cxt 0] Looking up key:
* ipv4.dstAddr        : 00000000

[23:23:08.362] [bmv2] [D] [thread 13980] [14.0] [cxt 0] Table 'ipv4_lpm': miss
[23:23:08.362] [bmv2] [D] [thread 13980] [14.0] [cxt 0] Action entry is _drop - 
[23:23:08.362] [bmv2] [T] [thread 13980] [14.0] [cxt 0] Action _drop
[23:23:08.362] [bmv2] [T] [thread 13980] [14.0] [cxt 0] ip_forward.p4(93) Primitive mark_to_drop(standard_metadata)
[23:23:08.362] [bmv2] [D] [thread 13980] [14.0] [cxt 0] Pipeline 'ingress': end
[23:23:08.362] [bmv2] [D] [thread 13980] [14.0] [cxt 0] Egress port is 511
[23:23:08.362] [bmv2] [D] [thread 13980] [14.0] [cxt 0] Dropping packet at the end of ingress
[23:23:08.381] [bmv2] [D] [thread 13980] [15.0] [cxt 0] Processing packet received on port 1
[23:23:08.381] [bmv2] [D] [thread 13980] [15.0] [cxt 0] Parser 'parser': start
[23:23:08.381] [bmv2] [D] [thread 13980] [15.0] [cxt 0] Parser 'parser' entering state 'start'
[23:23:08.381] [bmv2] [D] [thread 13980] [15.0] [cxt 0] Parser state 'start' has no switch, going to default next state
[23:23:08.381] [bmv2] [T] [thread 13980] [15.0] [cxt 0] Bytes parsed: 0
[23:23:08.381] [bmv2] [D] [thread 13980] [15.0] [cxt 0] Parser 'parser' entering state 'parse_ethernet'
[23:23:08.381] [bmv2] [D] [thread 13980] [15.0] [cxt 0] Extracting header 'ethernet'
[23:23:08.381] [bmv2] [D] [thread 13980] [15.0] [cxt 0] Parser state 'parse_ethernet': key is 86dd
[23:23:08.381] [bmv2] [T] [thread 13980] [15.0] [cxt 0] Bytes parsed: 14
[23:23:08.381] [bmv2] [T] [thread 13980] [15.0] [cxt 0] Skipping checksum 'cksum_0' verification because target field invalid
[23:23:08.381] [bmv2] [D] [thread 13980] [15.0] [cxt 0] Parser 'parser': end
[23:23:08.381] [bmv2] [D] [thread 13980] [15.0] [cxt 0] Pipeline 'ingress': start
[23:23:08.382] [bmv2] [T] [thread 13980] [15.0] [cxt 0] Applying table 'ipv4_lpm'
[23:23:08.382] [bmv2] [D] [thread 13980] [15.0] [cxt 0] Looking up key:
* ipv4.dstAddr        : 00000000

[23:23:08.382] [bmv2] [D] [thread 13980] [15.0] [cxt 0] Table 'ipv4_lpm': miss
[23:23:08.382] [bmv2] [D] [thread 13980] [15.0] [cxt 0] Action entry is _drop - 
[23:23:08.382] [bmv2] [T] [thread 13980] [15.0] [cxt 0] Action _drop
[23:23:08.382] [bmv2] [T] [thread 13980] [15.0] [cxt 0] ip_forward.p4(93) Primitive mark_to_drop(standard_metadata)
[23:23:08.382] [bmv2] [D] [thread 13980] [15.0] [cxt 0] Pipeline 'ingress': end
[23:23:08.382] [bmv2] [D] [thread 13980] [15.0] [cxt 0] Egress port is 511
[23:23:08.382] [bmv2] [D] [thread 13980] [15.0] [cxt 0] Dropping packet at the end of ingress
[23:23:08.382] [bmv2] [D] [thread 13980] [16.0] [cxt 0] Processing packet received on port 1
[23:23:08.382] [bmv2] [D] [thread 13980] [16.0] [cxt 0] Parser 'parser': start
[23:23:08.382] [bmv2] [D] [thread 13980] [16.0] [cxt 0] Parser 'parser' entering state 'start'
[23:23:08.382] [bmv2] [D] [thread 13980] [16.0] [cxt 0] Parser state 'start' has no switch, going to default next state
[23:23:08.382] [bmv2] [T] [thread 13980] [16.0] [cxt 0] Bytes parsed: 0
[23:23:08.382] [bmv2] [D] [thread 13980] [16.0] [cxt 0] Parser 'parser' entering state 'parse_ethernet'
[23:23:08.382] [bmv2] [D] [thread 13980] [16.0] [cxt 0] Extracting header 'ethernet'
[23:23:08.382] [bmv2] [D] [thread 13980] [16.0] [cxt 0] Parser state 'parse_ethernet': key is 86dd
[23:23:08.382] [bmv2] [T] [thread 13980] [16.0] [cxt 0] Bytes parsed: 14
[23:23:08.382] [bmv2] [T] [thread 13980] [16.0] [cxt 0] Skipping checksum 'cksum_0' verification because target field invalid
[23:23:08.382] [bmv2] [D] [thread 13980] [16.0] [cxt 0] Parser 'parser': end
[23:23:08.382] [bmv2] [D] [thread 13980] [16.0] [cxt 0] Pipeline 'ingress': start
[23:23:08.382] [bmv2] [T] [thread 13980] [16.0] [cxt 0] Applying table 'ipv4_lpm'
[23:23:08.382] [bmv2] [D] [thread 13980] [16.0] [cxt 0] Looking up key:
* ipv4.dstAddr        : 00000000

[23:23:08.382] [bmv2] [D] [thread 13980] [16.0] [cxt 0] Table 'ipv4_lpm': miss
[23:23:08.382] [bmv2] [D] [thread 13980] [16.0] [cxt 0] Action entry is _drop - 
[23:23:08.382] [bmv2] [T] [thread 13980] [16.0] [cxt 0] Action _drop
[23:23:08.382] [bmv2] [T] [thread 13980] [16.0] [cxt 0] ip_forward.p4(93) Primitive mark_to_drop(standard_metadata)
[23:23:08.382] [bmv2] [D] [thread 13980] [16.0] [cxt 0] Pipeline 'ingress': end
[23:23:08.382] [bmv2] [D] [thread 13980] [16.0] [cxt 0] Egress port is 511
[23:23:08.382] [bmv2] [D] [thread 13980] [16.0] [cxt 0] Dropping packet at the end of ingress
[23:23:08.386] [bmv2] [D] [thread 13980] [17.0] [cxt 0] Processing packet received on port 1
[23:23:08.386] [bmv2] [D] [thread 13980] [17.0] [cxt 0] Parser 'parser': start
[23:23:08.386] [bmv2] [D] [thread 13980] [17.0] [cxt 0] Parser 'parser' entering state 'start'
[23:23:08.386] [bmv2] [D] [thread 13980] [17.0] [cxt 0] Parser state 'start' has no switch, going to default next state
[23:23:08.386] [bmv2] [T] [thread 13980] [17.0] [cxt 0] Bytes parsed: 0
[23:23:08.386] [bmv2] [D] [thread 13980] [17.0] [cxt 0] Parser 'parser' entering state 'parse_ethernet'
[23:23:08.386] [bmv2] [D] [thread 13980] [17.0] [cxt 0] Extracting header 'ethernet'
[23:23:08.387] [bmv2] [D] [thread 13980] [17.0] [cxt 0] Parser state 'parse_ethernet': key is 86dd
[23:23:08.387] [bmv2] [T] [thread 13980] [17.0] [cxt 0] Bytes parsed: 14
[23:23:08.387] [bmv2] [T] [thread 13980] [17.0] [cxt 0] Skipping checksum 'cksum_0' verification because target field invalid
[23:23:08.387] [bmv2] [D] [thread 13980] [17.0] [cxt 0] Parser 'parser': end
[23:23:08.387] [bmv2] [D] [thread 13980] [17.0] [cxt 0] Pipeline 'ingress': start
[23:23:08.387] [bmv2] [T] [thread 13980] [17.0] [cxt 0] Applying table 'ipv4_lpm'
[23:23:08.387] [bmv2] [D] [thread 13980] [17.0] [cxt 0] Looking up key:
* ipv4.dstAddr        : 00000000

[23:23:08.387] [bmv2] [D] [thread 13980] [17.0] [cxt 0] Table 'ipv4_lpm': miss
[23:23:08.387] [bmv2] [D] [thread 13980] [17.0] [cxt 0] Action entry is _drop - 
[23:23:08.387] [bmv2] [T] [thread 13980] [17.0] [cxt 0] Action _drop
[23:23:08.387] [bmv2] [T] [thread 13980] [17.0] [cxt 0] ip_forward.p4(93) Primitive mark_to_drop(standard_metadata)
[23:23:08.387] [bmv2] [D] [thread 13980] [17.0] [cxt 0] Pipeline 'ingress': end
[23:23:08.387] [bmv2] [D] [thread 13980] [17.0] [cxt 0] Egress port is 511
[23:23:08.387] [bmv2] [D] [thread 13980] [17.0] [cxt 0] Dropping packet at the end of ingress
[23:23:08.422] [bmv2] [D] [thread 13980] [18.0] [cxt 0] Processing packet received on port 2
[23:23:08.422] [bmv2] [D] [thread 13980] [18.0] [cxt 0] Parser 'parser': start
[23:23:08.422] [bmv2] [D] [thread 13980] [18.0] [cxt 0] Parser 'parser' entering state 'start'
[23:23:08.422] [bmv2] [D] [thread 13980] [18.0] [cxt 0] Parser state 'start' has no switch, going to default next state
[23:23:08.422] [bmv2] [T] [thread 13980] [18.0] [cxt 0] Bytes parsed: 0
[23:23:08.422] [bmv2] [D] [thread 13980] [18.0] [cxt 0] Parser 'parser' entering state 'parse_ethernet'
[23:23:08.423] [bmv2] [D] [thread 13980] [18.0] [cxt 0] Extracting header 'ethernet'
[23:23:08.423] [bmv2] [D] [thread 13980] [18.0] [cxt 0] Parser state 'parse_ethernet': key is 86dd
[23:23:08.423] [bmv2] [T] [thread 13980] [18.0] [cxt 0] Bytes parsed: 14
[23:23:08.423] [bmv2] [T] [thread 13980] [18.0] [cxt 0] Skipping checksum 'cksum_0' verification because target field invalid
[23:23:08.423] [bmv2] [D] [thread 13980] [18.0] [cxt 0] Parser 'parser': end
[23:23:08.423] [bmv2] [D] [thread 13980] [18.0] [cxt 0] Pipeline 'ingress': start
[23:23:08.423] [bmv2] [T] [thread 13980] [18.0] [cxt 0] Applying table 'ipv4_lpm'
[23:23:08.423] [bmv2] [D] [thread 13980] [18.0] [cxt 0] Looking up key:
* ipv4.dstAddr        : 00000000

[23:23:08.423] [bmv2] [D] [thread 13980] [18.0] [cxt 0] Table 'ipv4_lpm': miss
[23:23:08.423] [bmv2] [D] [thread 13980] [18.0] [cxt 0] Action entry is _drop - 
[23:23:08.423] [bmv2] [T] [thread 13980] [18.0] [cxt 0] Action _drop
[23:23:08.423] [bmv2] [T] [thread 13980] [18.0] [cxt 0] ip_forward.p4(93) Primitive mark_to_drop(standard_metadata)
[23:23:08.423] [bmv2] [D] [thread 13980] [18.0] [cxt 0] Pipeline 'ingress': end
[23:23:08.423] [bmv2] [D] [thread 13980] [18.0] [cxt 0] Egress port is 511
[23:23:08.423] [bmv2] [D] [thread 13980] [18.0] [cxt 0] Dropping packet at the end of ingress
[23:23:08.448] [bmv2] [D] [thread 13980] [19.0] [cxt 0] Processing packet received on port 1
[23:23:08.448] [bmv2] [D] [thread 13980] [19.0] [cxt 0] Parser 'parser': start
[23:23:08.448] [bmv2] [D] [thread 13980] [19.0] [cxt 0] Parser 'parser' entering state 'start'
[23:23:08.448] [bmv2] [D] [thread 13980] [19.0] [cxt 0] Parser state 'start' has no switch, going to default next state
[23:23:08.448] [bmv2] [T] [thread 13980] [19.0] [cxt 0] Bytes parsed: 0
[23:23:08.448] [bmv2] [D] [thread 13980] [19.0] [cxt 0] Parser 'parser' entering state 'parse_ethernet'
[23:23:08.448] [bmv2] [D] [thread 13980] [19.0] [cxt 0] Extracting header 'ethernet'
[23:23:08.448] [bmv2] [D] [thread 13980] [19.0] [cxt 0] Parser state 'parse_ethernet': key is 86dd
[23:23:08.448] [bmv2] [T] [thread 13980] [19.0] [cxt 0] Bytes parsed: 14
[23:23:08.448] [bmv2] [T] [thread 13980] [19.0] [cxt 0] Skipping checksum 'cksum_0' verification because target field invalid
[23:23:08.448] [bmv2] [D] [thread 13980] [19.0] [cxt 0] Parser 'parser': end
[23:23:08.448] [bmv2] [D] [thread 13980] [19.0] [cxt 0] Pipeline 'ingress': start
[23:23:08.448] [bmv2] [T] [thread 13980] [19.0] [cxt 0] Applying table 'ipv4_lpm'
[23:23:08.448] [bmv2] [D] [thread 13980] [19.0] [cxt 0] Looking up key:
* ipv4.dstAddr        : 00000000

[23:23:08.449] [bmv2] [D] [thread 13980] [19.0] [cxt 0] Table 'ipv4_lpm': miss
[23:23:08.449] [bmv2] [D] [thread 13980] [19.0] [cxt 0] Action entry is _drop - 
[23:23:08.449] [bmv2] [T] [thread 13980] [19.0] [cxt 0] Action _drop
[23:23:08.449] [bmv2] [T] [thread 13980] [19.0] [cxt 0] ip_forward.p4(93) Primitive mark_to_drop(standard_metadata)
[23:23:08.449] [bmv2] [D] [thread 13980] [19.0] [cxt 0] Pipeline 'ingress': end
[23:23:08.449] [bmv2] [D] [thread 13980] [19.0] [cxt 0] Egress port is 511
[23:23:08.449] [bmv2] [D] [thread 13980] [19.0] [cxt 0] Dropping packet at the end of ingress
[23:23:08.465] [bmv2] [D] [thread 13980] [20.0] [cxt 0] Processing packet received on port 1
[23:23:08.465] [bmv2] [D] [thread 13980] [20.0] [cxt 0] Parser 'parser': start
[23:23:08.465] [bmv2] [D] [thread 13980] [20.0] [cxt 0] Parser 'parser' entering state 'start'
[23:23:08.465] [bmv2] [D] [thread 13980] [20.0] [cxt 0] Parser state 'start' has no switch, going to default next state
[23:23:08.465] [bmv2] [T] [thread 13980] [20.0] [cxt 0] Bytes parsed: 0
[23:23:08.465] [bmv2] [D] [thread 13980] [20.0] [cxt 0] Parser 'parser' entering state 'parse_ethernet'
[23:23:08.465] [bmv2] [D] [thread 13980] [20.0] [cxt 0] Extracting header 'ethernet'
[23:23:08.465] [bmv2] [D] [thread 13980] [20.0] [cxt 0] Parser state 'parse_ethernet': key is 86dd
[23:23:08.465] [bmv2] [T] [thread 13980] [20.0] [cxt 0] Bytes parsed: 14
[23:23:08.465] [bmv2] [T] [thread 13980] [20.0] [cxt 0] Skipping checksum 'cksum_0' verification because target field invalid
[23:23:08.465] [bmv2] [D] [thread 13980] [20.0] [cxt 0] Parser 'parser': end
[23:23:08.465] [bmv2] [D] [thread 13980] [20.0] [cxt 0] Pipeline 'ingress': start
[23:23:08.465] [bmv2] [T] [thread 13980] [20.0] [cxt 0] Applying table 'ipv4_lpm'
[23:23:08.465] [bmv2] [D] [thread 13980] [20.0] [cxt 0] Looking up key:
* ipv4.dstAddr        : 00000000

[23:23:08.465] [bmv2] [D] [thread 13980] [20.0] [cxt 0] Table 'ipv4_lpm': miss
[23:23:08.465] [bmv2] [D] [thread 13980] [20.0] [cxt 0] Action entry is _drop - 
[23:23:08.465] [bmv2] [T] [thread 13980] [20.0] [cxt 0] Action _drop
[23:23:08.465] [bmv2] [T] [thread 13980] [20.0] [cxt 0] ip_forward.p4(93) Primitive mark_to_drop(standard_metadata)
[23:23:08.465] [bmv2] [D] [thread 13980] [20.0] [cxt 0] Pipeline 'ingress': end
[23:23:08.465] [bmv2] [D] [thread 13980] [20.0] [cxt 0] Egress port is 511
[23:23:08.465] [bmv2] [D] [thread 13980] [20.0] [cxt 0] Dropping packet at the end of ingress
[23:23:08.481] [bmv2] [D] [thread 13980] [21.0] [cxt 0] Processing packet received on port 1
[23:23:08.481] [bmv2] [D] [thread 13980] [21.0] [cxt 0] Parser 'parser': start
[23:23:08.481] [bmv2] [D] [thread 13980] [21.0] [cxt 0] Parser 'parser' entering state 'start'
[23:23:08.481] [bmv2] [D] [thread 13980] [21.0] [cxt 0] Parser state 'start' has no switch, going to default next state
[23:23:08.481] [bmv2] [T] [thread 13980] [21.0] [cxt 0] Bytes parsed: 0
[23:23:08.481] [bmv2] [D] [thread 13980] [21.0] [cxt 0] Parser 'parser' entering state 'parse_ethernet'
[23:23:08.481] [bmv2] [D] [thread 13980] [21.0] [cxt 0] Extracting header 'ethernet'
[23:23:08.481] [bmv2] [D] [thread 13980] [21.0] [cxt 0] Parser state 'parse_ethernet': key is 86dd
[23:23:08.481] [bmv2] [T] [thread 13980] [21.0] [cxt 0] Bytes parsed: 14
[23:23:08.481] [bmv2] [T] [thread 13980] [21.0] [cxt 0] Skipping checksum 'cksum_0' verification because target field invalid
[23:23:08.481] [bmv2] [D] [thread 13980] [21.0] [cxt 0] Parser 'parser': end
[23:23:08.481] [bmv2] [D] [thread 13980] [21.0] [cxt 0] Pipeline 'ingress': start
[23:23:08.481] [bmv2] [T] [thread 13980] [21.0] [cxt 0] Applying table 'ipv4_lpm'
[23:23:08.481] [bmv2] [D] [thread 13980] [21.0] [cxt 0] Looking up key:
* ipv4.dstAddr        : 00000000

[23:23:08.482] [bmv2] [D] [thread 13980] [21.0] [cxt 0] Table 'ipv4_lpm': miss
[23:23:08.482] [bmv2] [D] [thread 13980] [21.0] [cxt 0] Action entry is _drop - 
[23:23:08.482] [bmv2] [T] [thread 13980] [21.0] [cxt 0] Action _drop
[23:23:08.482] [bmv2] [T] [thread 13980] [21.0] [cxt 0] ip_forward.p4(93) Primitive mark_to_drop(standard_metadata)
[23:23:08.482] [bmv2] [D] [thread 13980] [21.0] [cxt 0] Pipeline 'ingress': end
[23:23:08.482] [bmv2] [D] [thread 13980] [21.0] [cxt 0] Egress port is 511
[23:23:08.482] [bmv2] [D] [thread 13980] [21.0] [cxt 0] Dropping packet at the end of ingress
[23:23:08.496] [bmv2] [D] [thread 13980] [22.0] [cxt 0] Processing packet received on port 2
[23:23:08.496] [bmv2] [D] [thread 13980] [22.0] [cxt 0] Parser 'parser': start
[23:23:08.496] [bmv2] [D] [thread 13980] [22.0] [cxt 0] Parser 'parser' entering state 'start'
[23:23:08.496] [bmv2] [D] [thread 13980] [22.0] [cxt 0] Parser state 'start' has no switch, going to default next state
[23:23:08.496] [bmv2] [T] [thread 13980] [22.0] [cxt 0] Bytes parsed: 0
[23:23:08.496] [bmv2] [D] [thread 13980] [22.0] [cxt 0] Parser 'parser' entering state 'parse_ethernet'
[23:23:08.496] [bmv2] [D] [thread 13980] [22.0] [cxt 0] Extracting header 'ethernet'
[23:23:08.496] [bmv2] [D] [thread 13980] [22.0] [cxt 0] Parser state 'parse_ethernet': key is 86dd
[23:23:08.496] [bmv2] [T] [thread 13980] [22.0] [cxt 0] Bytes parsed: 14
[23:23:08.496] [bmv2] [T] [thread 13980] [22.0] [cxt 0] Skipping checksum 'cksum_0' verification because target field invalid
[23:23:08.496] [bmv2] [D] [thread 13980] [22.0] [cxt 0] Parser 'parser': end
[23:23:08.496] [bmv2] [D] [thread 13980] [22.0] [cxt 0] Pipeline 'ingress': start
[23:23:08.496] [bmv2] [T] [thread 13980] [22.0] [cxt 0] Applying table 'ipv4_lpm'
[23:23:08.496] [bmv2] [D] [thread 13980] [22.0] [cxt 0] Looking up key:
* ipv4.dstAddr        : 00000000

[23:23:08.496] [bmv2] [D] [thread 13980] [22.0] [cxt 0] Table 'ipv4_lpm': miss
[23:23:08.496] [bmv2] [D] [thread 13980] [22.0] [cxt 0] Action entry is _drop - 
[23:23:08.496] [bmv2] [T] [thread 13980] [22.0] [cxt 0] Action _drop
[23:23:08.496] [bmv2] [T] [thread 13980] [22.0] [cxt 0] ip_forward.p4(93) Primitive mark_to_drop(standard_metadata)
[23:23:08.496] [bmv2] [D] [thread 13980] [22.0] [cxt 0] Pipeline 'ingress': end
[23:23:08.496] [bmv2] [D] [thread 13980] [22.0] [cxt 0] Egress port is 511
[23:23:08.496] [bmv2] [D] [thread 13980] [22.0] [cxt 0] Dropping packet at the end of ingress
[23:23:08.567] [bmv2] [D] [thread 13980] [23.0] [cxt 0] Processing packet received on port 1
[23:23:08.567] [bmv2] [D] [thread 13980] [23.0] [cxt 0] Parser 'parser': start
[23:23:08.567] [bmv2] [D] [thread 13980] [23.0] [cxt 0] Parser 'parser' entering state 'start'
[23:23:08.567] [bmv2] [D] [thread 13980] [23.0] [cxt 0] Parser state 'start' has no switch, going to default next state
[23:23:08.567] [bmv2] [T] [thread 13980] [23.0] [cxt 0] Bytes parsed: 0
[23:23:08.567] [bmv2] [D] [thread 13980] [23.0] [cxt 0] Parser 'parser' entering state 'parse_ethernet'
[23:23:08.567] [bmv2] [D] [thread 13980] [23.0] [cxt 0] Extracting header 'ethernet'
[23:23:08.567] [bmv2] [D] [thread 13980] [23.0] [cxt 0] Parser state 'parse_ethernet': key is 86dd
[23:23:08.567] [bmv2] [T] [thread 13980] [23.0] [cxt 0] Bytes parsed: 14
[23:23:08.567] [bmv2] [T] [thread 13980] [23.0] [cxt 0] Skipping checksum 'cksum_0' verification because target field invalid
[23:23:08.567] [bmv2] [D] [thread 13980] [23.0] [cxt 0] Parser 'parser': end
[23:23:08.567] [bmv2] [D] [thread 13980] [23.0] [cxt 0] Pipeline 'ingress': start
[23:23:08.567] [bmv2] [T] [thread 13980] [23.0] [cxt 0] Applying table 'ipv4_lpm'
[23:23:08.567] [bmv2] [D] [thread 13980] [23.0] [cxt 0] Looking up key:
* ipv4.dstAddr        : 00000000

[23:23:08.567] [bmv2] [D] [thread 13980] [23.0] [cxt 0] Table 'ipv4_lpm': miss
[23:23:08.568] [bmv2] [D] [thread 13980] [23.0] [cxt 0] Action entry is _drop - 
[23:23:08.568] [bmv2] [T] [thread 13980] [23.0] [cxt 0] Action _drop
[23:23:08.568] [bmv2] [T] [thread 13980] [23.0] [cxt 0] ip_forward.p4(93) Primitive mark_to_drop(standard_metadata)
[23:23:08.568] [bmv2] [D] [thread 13980] [23.0] [cxt 0] Pipeline 'ingress': end
[23:23:08.568] [bmv2] [D] [thread 13980] [23.0] [cxt 0] Egress port is 511
[23:23:08.568] [bmv2] [D] [thread 13980] [23.0] [cxt 0] Dropping packet at the end of ingress
[23:23:08.624] [bmv2] [D] [thread 13980] [24.0] [cxt 0] Processing packet received on port 2
[23:23:08.624] [bmv2] [D] [thread 13980] [24.0] [cxt 0] Parser 'parser': start
[23:23:08.624] [bmv2] [D] [thread 13980] [24.0] [cxt 0] Parser 'parser' entering state 'start'
[23:23:08.624] [bmv2] [D] [thread 13980] [24.0] [cxt 0] Parser state 'start' has no switch, going to default next state
[23:23:08.624] [bmv2] [T] [thread 13980] [24.0] [cxt 0] Bytes parsed: 0
[23:23:08.624] [bmv2] [D] [thread 13980] [24.0] [cxt 0] Parser 'parser' entering state 'parse_ethernet'
[23:23:08.624] [bmv2] [D] [thread 13980] [24.0] [cxt 0] Extracting header 'ethernet'
[23:23:08.624] [bmv2] [D] [thread 13980] [24.0] [cxt 0] Parser state 'parse_ethernet': key is 86dd
[23:23:08.624] [bmv2] [T] [thread 13980] [24.0] [cxt 0] Bytes parsed: 14
[23:23:08.624] [bmv2] [T] [thread 13980] [24.0] [cxt 0] Skipping checksum 'cksum_0' verification because target field invalid
[23:23:08.624] [bmv2] [D] [thread 13980] [24.0] [cxt 0] Parser 'parser': end
[23:23:08.624] [bmv2] [D] [thread 13980] [24.0] [cxt 0] Pipeline 'ingress': start
[23:23:08.624] [bmv2] [T] [thread 13980] [24.0] [cxt 0] Applying table 'ipv4_lpm'
[23:23:08.624] [bmv2] [D] [thread 13980] [24.0] [cxt 0] Looking up key:
* ipv4.dstAddr        : 00000000

[23:23:08.625] [bmv2] [D] [thread 13980] [24.0] [cxt 0] Table 'ipv4_lpm': miss
[23:23:08.625] [bmv2] [D] [thread 13980] [24.0] [cxt 0] Action entry is _drop - 
[23:23:08.625] [bmv2] [T] [thread 13980] [24.0] [cxt 0] Action _drop
[23:23:08.625] [bmv2] [T] [thread 13980] [24.0] [cxt 0] ip_forward.p4(93) Primitive mark_to_drop(standard_metadata)
[23:23:08.625] [bmv2] [D] [thread 13980] [24.0] [cxt 0] Pipeline 'ingress': end
[23:23:08.625] [bmv2] [D] [thread 13980] [24.0] [cxt 0] Egress port is 511
[23:23:08.625] [bmv2] [D] [thread 13980] [24.0] [cxt 0] Dropping packet at the end of ingress
[23:23:08.717] [bmv2] [D] [thread 13980] [25.0] [cxt 0] Processing packet received on port 2
[23:23:08.717] [bmv2] [D] [thread 13980] [25.0] [cxt 0] Parser 'parser': start
[23:23:08.717] [bmv2] [D] [thread 13980] [25.0] [cxt 0] Parser 'parser' entering state 'start'
[23:23:08.717] [bmv2] [D] [thread 13980] [25.0] [cxt 0] Parser state 'start' has no switch, going to default next state
[23:23:08.717] [bmv2] [T] [thread 13980] [25.0] [cxt 0] Bytes parsed: 0
[23:23:08.717] [bmv2] [D] [thread 13980] [25.0] [cxt 0] Parser 'parser' entering state 'parse_ethernet'
[23:23:08.717] [bmv2] [D] [thread 13980] [25.0] [cxt 0] Extracting header 'ethernet'
[23:23:08.717] [bmv2] [D] [thread 13980] [25.0] [cxt 0] Parser state 'parse_ethernet': key is 86dd
[23:23:08.717] [bmv2] [T] [thread 13980] [25.0] [cxt 0] Bytes parsed: 14
[23:23:08.718] [bmv2] [T] [thread 13980] [25.0] [cxt 0] Skipping checksum 'cksum_0' verification because target field invalid
[23:23:08.718] [bmv2] [D] [thread 13980] [25.0] [cxt 0] Parser 'parser': end
[23:23:08.718] [bmv2] [D] [thread 13980] [25.0] [cxt 0] Pipeline 'ingress': start
[23:23:08.718] [bmv2] [T] [thread 13980] [25.0] [cxt 0] Applying table 'ipv4_lpm'
[23:23:08.718] [bmv2] [D] [thread 13980] [25.0] [cxt 0] Looking up key:
* ipv4.dstAddr        : 00000000

[23:23:08.718] [bmv2] [D] [thread 13980] [25.0] [cxt 0] Table 'ipv4_lpm': miss
[23:23:08.718] [bmv2] [D] [thread 13980] [25.0] [cxt 0] Action entry is _drop - 
[23:23:08.718] [bmv2] [T] [thread 13980] [25.0] [cxt 0] Action _drop
[23:23:08.718] [bmv2] [T] [thread 13980] [25.0] [cxt 0] ip_forward.p4(93) Primitive mark_to_drop(standard_metadata)
[23:23:08.718] [bmv2] [D] [thread 13980] [25.0] [cxt 0] Pipeline 'ingress': end
[23:23:08.718] [bmv2] [D] [thread 13980] [25.0] [cxt 0] Egress port is 511
[23:23:08.718] [bmv2] [D] [thread 13980] [25.0] [cxt 0] Dropping packet at the end of ingress
[23:23:08.718] [bmv2] [D] [thread 13980] [26.0] [cxt 0] Processing packet received on port 1
[23:23:08.718] [bmv2] [D] [thread 13980] [26.0] [cxt 0] Parser 'parser': start
[23:23:08.718] [bmv2] [D] [thread 13980] [26.0] [cxt 0] Parser 'parser' entering state 'start'
[23:23:08.718] [bmv2] [D] [thread 13980] [26.0] [cxt 0] Parser state 'start' has no switch, going to default next state
[23:23:08.718] [bmv2] [T] [thread 13980] [26.0] [cxt 0] Bytes parsed: 0
[23:23:08.718] [bmv2] [D] [thread 13980] [26.0] [cxt 0] Parser 'parser' entering state 'parse_ethernet'
[23:23:08.718] [bmv2] [D] [thread 13980] [26.0] [cxt 0] Extracting header 'ethernet'
[23:23:08.718] [bmv2] [D] [thread 13980] [26.0] [cxt 0] Parser state 'parse_ethernet': key is 86dd
[23:23:08.718] [bmv2] [T] [thread 13980] [26.0] [cxt 0] Bytes parsed: 14
[23:23:08.718] [bmv2] [T] [thread 13980] [26.0] [cxt 0] Skipping checksum 'cksum_0' verification because target field invalid
[23:23:08.718] [bmv2] [D] [thread 13980] [26.0] [cxt 0] Parser 'parser': end
[23:23:08.718] [bmv2] [D] [thread 13980] [26.0] [cxt 0] Pipeline 'ingress': start
[23:23:08.718] [bmv2] [T] [thread 13980] [26.0] [cxt 0] Applying table 'ipv4_lpm'
[23:23:08.718] [bmv2] [D] [thread 13980] [26.0] [cxt 0] Looking up key:
* ipv4.dstAddr        : 00000000

[23:23:08.718] [bmv2] [D] [thread 13980] [26.0] [cxt 0] Table 'ipv4_lpm': miss
[23:23:08.718] [bmv2] [D] [thread 13980] [26.0] [cxt 0] Action entry is _drop - 
[23:23:08.718] [bmv2] [T] [thread 13980] [26.0] [cxt 0] Action _drop
[23:23:08.718] [bmv2] [T] [thread 13980] [26.0] [cxt 0] ip_forward.p4(93) Primitive mark_to_drop(standard_metadata)
[23:23:08.718] [bmv2] [D] [thread 13980] [26.0] [cxt 0] Pipeline 'ingress': end
[23:23:08.718] [bmv2] [D] [thread 13980] [26.0] [cxt 0] Egress port is 511
[23:23:08.718] [bmv2] [D] [thread 13980] [26.0] [cxt 0] Dropping packet at the end of ingress
[23:23:08.748] [bmv2] [D] [thread 13980] [27.0] [cxt 0] Processing packet received on port 2
[23:23:08.748] [bmv2] [D] [thread 13980] [27.0] [cxt 0] Parser 'parser': start
[23:23:08.748] [bmv2] [D] [thread 13980] [27.0] [cxt 0] Parser 'parser' entering state 'start'
[23:23:08.748] [bmv2] [D] [thread 13980] [27.0] [cxt 0] Parser state 'start' has no switch, going to default next state
[23:23:08.748] [bmv2] [T] [thread 13980] [27.0] [cxt 0] Bytes parsed: 0
[23:23:08.748] [bmv2] [D] [thread 13980] [27.0] [cxt 0] Parser 'parser' entering state 'parse_ethernet'
[23:23:08.748] [bmv2] [D] [thread 13980] [27.0] [cxt 0] Extracting header 'ethernet'
[23:23:08.748] [bmv2] [D] [thread 13980] [27.0] [cxt 0] Parser state 'parse_ethernet': key is 86dd
[23:23:08.748] [bmv2] [T] [thread 13980] [27.0] [cxt 0] Bytes parsed: 14
[23:23:08.748] [bmv2] [T] [thread 13980] [27.0] [cxt 0] Skipping checksum 'cksum_0' verification because target field invalid
[23:23:08.748] [bmv2] [D] [thread 13980] [27.0] [cxt 0] Parser 'parser': end
[23:23:08.748] [bmv2] [D] [thread 13980] [27.0] [cxt 0] Pipeline 'ingress': start
[23:23:08.748] [bmv2] [T] [thread 13980] [27.0] [cxt 0] Applying table 'ipv4_lpm'
[23:23:08.748] [bmv2] [D] [thread 13980] [27.0] [cxt 0] Looking up key:
* ipv4.dstAddr        : 00000000

[23:23:08.748] [bmv2] [D] [thread 13980] [27.0] [cxt 0] Table 'ipv4_lpm': miss
[23:23:08.748] [bmv2] [D] [thread 13980] [27.0] [cxt 0] Action entry is _drop - 
[23:23:08.748] [bmv2] [T] [thread 13980] [27.0] [cxt 0] Action _drop
[23:23:08.748] [bmv2] [T] [thread 13980] [27.0] [cxt 0] ip_forward.p4(93) Primitive mark_to_drop(standard_metadata)
[23:23:08.748] [bmv2] [D] [thread 13980] [27.0] [cxt 0] Pipeline 'ingress': end
[23:23:08.748] [bmv2] [D] [thread 13980] [27.0] [cxt 0] Egress port is 511
[23:23:08.748] [bmv2] [D] [thread 13980] [27.0] [cxt 0] Dropping packet at the end of ingress
[23:23:08.756] [bmv2] [D] [thread 13980] [28.0] [cxt 0] Processing packet received on port 1
[23:23:08.756] [bmv2] [D] [thread 13980] [28.0] [cxt 0] Parser 'parser': start
[23:23:08.756] [bmv2] [D] [thread 13980] [28.0] [cxt 0] Parser 'parser' entering state 'start'
[23:23:08.757] [bmv2] [D] [thread 13980] [28.0] [cxt 0] Parser state 'start' has no switch, going to default next state
[23:23:08.757] [bmv2] [T] [thread 13980] [28.0] [cxt 0] Bytes parsed: 0
[23:23:08.757] [bmv2] [D] [thread 13980] [28.0] [cxt 0] Parser 'parser' entering state 'parse_ethernet'
[23:23:08.757] [bmv2] [D] [thread 13980] [28.0] [cxt 0] Extracting header 'ethernet'
[23:23:08.757] [bmv2] [D] [thread 13980] [28.0] [cxt 0] Parser state 'parse_ethernet': key is 86dd
[23:23:08.757] [bmv2] [T] [thread 13980] [28.0] [cxt 0] Bytes parsed: 14
[23:23:08.757] [bmv2] [T] [thread 13980] [28.0] [cxt 0] Skipping checksum 'cksum_0' verification because target field invalid
[23:23:08.757] [bmv2] [D] [thread 13980] [28.0] [cxt 0] Parser 'parser': end
[23:23:08.757] [bmv2] [D] [thread 13980] [28.0] [cxt 0] Pipeline 'ingress': start
[23:23:08.757] [bmv2] [T] [thread 13980] [28.0] [cxt 0] Applying table 'ipv4_lpm'
[23:23:08.757] [bmv2] [D] [thread 13980] [28.0] [cxt 0] Looking up key:
* ipv4.dstAddr        : 00000000

[23:23:08.757] [bmv2] [D] [thread 13980] [28.0] [cxt 0] Table 'ipv4_lpm': miss
[23:23:08.757] [bmv2] [D] [thread 13980] [28.0] [cxt 0] Action entry is _drop - 
[23:23:08.757] [bmv2] [T] [thread 13980] [28.0] [cxt 0] Action _drop
[23:23:08.757] [bmv2] [T] [thread 13980] [28.0] [cxt 0] ip_forward.p4(93) Primitive mark_to_drop(standard_metadata)
[23:23:08.757] [bmv2] [D] [thread 13980] [28.0] [cxt 0] Pipeline 'ingress': end
[23:23:08.757] [bmv2] [D] [thread 13980] [28.0] [cxt 0] Egress port is 511
[23:23:08.757] [bmv2] [D] [thread 13980] [28.0] [cxt 0] Dropping packet at the end of ingress
[23:23:08.898] [bmv2] [D] [thread 13980] [29.0] [cxt 0] Processing packet received on port 1
[23:23:08.898] [bmv2] [D] [thread 13980] [29.0] [cxt 0] Parser 'parser': start
[23:23:08.898] [bmv2] [D] [thread 13980] [29.0] [cxt 0] Parser 'parser' entering state 'start'
[23:23:08.898] [bmv2] [D] [thread 13980] [29.0] [cxt 0] Parser state 'start' has no switch, going to default next state
[23:23:08.898] [bmv2] [T] [thread 13980] [29.0] [cxt 0] Bytes parsed: 0
[23:23:08.898] [bmv2] [D] [thread 13980] [29.0] [cxt 0] Parser 'parser' entering state 'parse_ethernet'
[23:23:08.898] [bmv2] [D] [thread 13980] [29.0] [cxt 0] Extracting header 'ethernet'
[23:23:08.898] [bmv2] [D] [thread 13980] [29.0] [cxt 0] Parser state 'parse_ethernet': key is 86dd
[23:23:08.898] [bmv2] [T] [thread 13980] [29.0] [cxt 0] Bytes parsed: 14
[23:23:08.898] [bmv2] [T] [thread 13980] [29.0] [cxt 0] Skipping checksum 'cksum_0' verification because target field invalid
[23:23:08.898] [bmv2] [D] [thread 13980] [29.0] [cxt 0] Parser 'parser': end
[23:23:08.898] [bmv2] [D] [thread 13980] [29.0] [cxt 0] Pipeline 'ingress': start
[23:23:08.898] [bmv2] [T] [thread 13980] [29.0] [cxt 0] Applying table 'ipv4_lpm'
[23:23:08.898] [bmv2] [D] [thread 13980] [29.0] [cxt 0] Looking up key:
* ipv4.dstAddr        : 00000000

[23:23:08.898] [bmv2] [D] [thread 13980] [29.0] [cxt 0] Table 'ipv4_lpm': miss
[23:23:08.898] [bmv2] [D] [thread 13980] [29.0] [cxt 0] Action entry is _drop - 
[23:23:08.898] [bmv2] [T] [thread 13980] [29.0] [cxt 0] Action _drop
[23:23:08.898] [bmv2] [T] [thread 13980] [29.0] [cxt 0] ip_forward.p4(93) Primitive mark_to_drop(standard_metadata)
[23:23:08.899] [bmv2] [D] [thread 13980] [29.0] [cxt 0] Pipeline 'ingress': end
[23:23:08.899] [bmv2] [D] [thread 13980] [29.0] [cxt 0] Egress port is 511
[23:23:08.899] [bmv2] [D] [thread 13980] [29.0] [cxt 0] Dropping packet at the end of ingress
[23:23:08.936] [bmv2] [D] [thread 13980] [30.0] [cxt 0] Processing packet received on port 2
[23:23:08.936] [bmv2] [D] [thread 13980] [30.0] [cxt 0] Parser 'parser': start
[23:23:08.936] [bmv2] [D] [thread 13980] [30.0] [cxt 0] Parser 'parser' entering state 'start'
[23:23:08.936] [bmv2] [D] [thread 13980] [30.0] [cxt 0] Parser state 'start' has no switch, going to default next state
[23:23:08.936] [bmv2] [T] [thread 13980] [30.0] [cxt 0] Bytes parsed: 0
[23:23:08.936] [bmv2] [D] [thread 13980] [30.0] [cxt 0] Parser 'parser' entering state 'parse_ethernet'
[23:23:08.936] [bmv2] [D] [thread 13980] [30.0] [cxt 0] Extracting header 'ethernet'
[23:23:08.936] [bmv2] [D] [thread 13980] [30.0] [cxt 0] Parser state 'parse_ethernet': key is 86dd
[23:23:08.936] [bmv2] [T] [thread 13980] [30.0] [cxt 0] Bytes parsed: 14
[23:23:08.936] [bmv2] [T] [thread 13980] [30.0] [cxt 0] Skipping checksum 'cksum_0' verification because target field invalid
[23:23:08.936] [bmv2] [D] [thread 13980] [30.0] [cxt 0] Parser 'parser': end
[23:23:08.936] [bmv2] [D] [thread 13980] [30.0] [cxt 0] Pipeline 'ingress': start
[23:23:08.936] [bmv2] [T] [thread 13980] [30.0] [cxt 0] Applying table 'ipv4_lpm'
[23:23:08.936] [bmv2] [D] [thread 13980] [30.0] [cxt 0] Looking up key:
* ipv4.dstAddr        : 00000000

[23:23:08.936] [bmv2] [D] [thread 13980] [30.0] [cxt 0] Table 'ipv4_lpm': miss
[23:23:08.936] [bmv2] [D] [thread 13980] [30.0] [cxt 0] Action entry is _drop - 
[23:23:08.936] [bmv2] [T] [thread 13980] [30.0] [cxt 0] Action _drop
[23:23:08.936] [bmv2] [T] [thread 13980] [30.0] [cxt 0] ip_forward.p4(93) Primitive mark_to_drop(standard_metadata)
[23:23:08.936] [bmv2] [D] [thread 13980] [30.0] [cxt 0] Pipeline 'ingress': end
[23:23:08.936] [bmv2] [D] [thread 13980] [30.0] [cxt 0] Egress port is 511
[23:23:08.936] [bmv2] [D] [thread 13980] [30.0] [cxt 0] Dropping packet at the end of ingress
[23:23:08.947] [bmv2] [D] [thread 13980] [31.0] [cxt 0] Processing packet received on port 2
[23:23:08.947] [bmv2] [D] [thread 13980] [31.0] [cxt 0] Parser 'parser': start
[23:23:08.948] [bmv2] [D] [thread 13980] [31.0] [cxt 0] Parser 'parser' entering state 'start'
[23:23:08.948] [bmv2] [D] [thread 13980] [31.0] [cxt 0] Parser state 'start' has no switch, going to default next state
[23:23:08.948] [bmv2] [T] [thread 13980] [31.0] [cxt 0] Bytes parsed: 0
[23:23:08.948] [bmv2] [D] [thread 13980] [31.0] [cxt 0] Parser 'parser' entering state 'parse_ethernet'
[23:23:08.948] [bmv2] [D] [thread 13980] [31.0] [cxt 0] Extracting header 'ethernet'
[23:23:08.948] [bmv2] [D] [thread 13980] [31.0] [cxt 0] Parser state 'parse_ethernet': key is 86dd
[23:23:08.948] [bmv2] [T] [thread 13980] [31.0] [cxt 0] Bytes parsed: 14
[23:23:08.948] [bmv2] [T] [thread 13980] [31.0] [cxt 0] Skipping checksum 'cksum_0' verification because target field invalid
[23:23:08.948] [bmv2] [D] [thread 13980] [31.0] [cxt 0] Parser 'parser': end
[23:23:08.948] [bmv2] [D] [thread 13980] [31.0] [cxt 0] Pipeline 'ingress': start
[23:23:08.948] [bmv2] [T] [thread 13980] [31.0] [cxt 0] Applying table 'ipv4_lpm'
[23:23:08.948] [bmv2] [D] [thread 13980] [31.0] [cxt 0] Looking up key:
* ipv4.dstAddr        : 00000000

[23:23:08.948] [bmv2] [D] [thread 13980] [31.0] [cxt 0] Table 'ipv4_lpm': miss
[23:23:08.948] [bmv2] [D] [thread 13980] [31.0] [cxt 0] Action entry is _drop - 
[23:23:08.948] [bmv2] [T] [thread 13980] [31.0] [cxt 0] Action _drop
[23:23:08.948] [bmv2] [T] [thread 13980] [31.0] [cxt 0] ip_forward.p4(93) Primitive mark_to_drop(standard_metadata)
[23:23:08.948] [bmv2] [D] [thread 13980] [31.0] [cxt 0] Pipeline 'ingress': end
[23:23:08.948] [bmv2] [D] [thread 13980] [31.0] [cxt 0] Egress port is 511
[23:23:08.948] [bmv2] [D] [thread 13980] [31.0] [cxt 0] Dropping packet at the end of ingress
[23:23:08.967] [bmv2] [D] [thread 13980] [32.0] [cxt 0] Processing packet received on port 1
[23:23:08.967] [bmv2] [D] [thread 13980] [32.0] [cxt 0] Parser 'parser': start
[23:23:08.967] [bmv2] [D] [thread 13980] [32.0] [cxt 0] Parser 'parser' entering state 'start'
[23:23:08.967] [bmv2] [D] [thread 13980] [32.0] [cxt 0] Parser state 'start' has no switch, going to default next state
[23:23:08.967] [bmv2] [T] [thread 13980] [32.0] [cxt 0] Bytes parsed: 0
[23:23:08.967] [bmv2] [D] [thread 13980] [32.0] [cxt 0] Parser 'parser' entering state 'parse_ethernet'
[23:23:08.967] [bmv2] [D] [thread 13980] [32.0] [cxt 0] Extracting header 'ethernet'
[23:23:08.967] [bmv2] [D] [thread 13980] [32.0] [cxt 0] Parser state 'parse_ethernet': key is 86dd
[23:23:08.967] [bmv2] [T] [thread 13980] [32.0] [cxt 0] Bytes parsed: 14
[23:23:08.967] [bmv2] [T] [thread 13980] [32.0] [cxt 0] Skipping checksum 'cksum_0' verification because target field invalid
[23:23:08.967] [bmv2] [D] [thread 13980] [32.0] [cxt 0] Parser 'parser': end
[23:23:08.967] [bmv2] [D] [thread 13980] [32.0] [cxt 0] Pipeline 'ingress': start
[23:23:08.967] [bmv2] [T] [thread 13980] [32.0] [cxt 0] Applying table 'ipv4_lpm'
[23:23:08.967] [bmv2] [D] [thread 13980] [32.0] [cxt 0] Looking up key:
* ipv4.dstAddr        : 00000000

[23:23:08.967] [bmv2] [D] [thread 13980] [32.0] [cxt 0] Table 'ipv4_lpm': miss
[23:23:08.967] [bmv2] [D] [thread 13980] [32.0] [cxt 0] Action entry is _drop - 
[23:23:08.967] [bmv2] [T] [thread 13980] [32.0] [cxt 0] Action _drop
[23:23:08.967] [bmv2] [T] [thread 13980] [32.0] [cxt 0] ip_forward.p4(93) Primitive mark_to_drop(standard_metadata)
[23:23:08.967] [bmv2] [D] [thread 13980] [32.0] [cxt 0] Pipeline 'ingress': end
[23:23:08.967] [bmv2] [D] [thread 13980] [32.0] [cxt 0] Egress port is 511
[23:23:08.967] [bmv2] [D] [thread 13980] [32.0] [cxt 0] Dropping packet at the end of ingress
[23:23:08.967] [bmv2] [D] [thread 13980] [33.0] [cxt 0] Processing packet received on port 1
[23:23:08.967] [bmv2] [D] [thread 13980] [33.0] [cxt 0] Parser 'parser': start
[23:23:08.967] [bmv2] [D] [thread 13980] [33.0] [cxt 0] Parser 'parser' entering state 'start'
[23:23:08.967] [bmv2] [D] [thread 13980] [33.0] [cxt 0] Parser state 'start' has no switch, going to default next state
[23:23:08.967] [bmv2] [T] [thread 13980] [33.0] [cxt 0] Bytes parsed: 0
[23:23:08.967] [bmv2] [D] [thread 13980] [33.0] [cxt 0] Parser 'parser' entering state 'parse_ethernet'
[23:23:08.967] [bmv2] [D] [thread 13980] [33.0] [cxt 0] Extracting header 'ethernet'
[23:23:08.967] [bmv2] [D] [thread 13980] [33.0] [cxt 0] Parser state 'parse_ethernet': key is 86dd
[23:23:08.967] [bmv2] [T] [thread 13980] [33.0] [cxt 0] Bytes parsed: 14
[23:23:08.967] [bmv2] [T] [thread 13980] [33.0] [cxt 0] Skipping checksum 'cksum_0' verification because target field invalid
[23:23:08.967] [bmv2] [D] [thread 13980] [33.0] [cxt 0] Parser 'parser': end
[23:23:08.967] [bmv2] [D] [thread 13980] [33.0] [cxt 0] Pipeline 'ingress': start
[23:23:08.967] [bmv2] [T] [thread 13980] [33.0] [cxt 0] Applying table 'ipv4_lpm'
[23:23:08.967] [bmv2] [D] [thread 13980] [33.0] [cxt 0] Looking up key:
* ipv4.dstAddr        : 00000000

[23:23:08.967] [bmv2] [D] [thread 13980] [33.0] [cxt 0] Table 'ipv4_lpm': miss
[23:23:08.967] [bmv2] [D] [thread 13980] [33.0] [cxt 0] Action entry is _drop - 
[23:23:08.967] [bmv2] [T] [thread 13980] [33.0] [cxt 0] Action _drop
[23:23:08.967] [bmv2] [T] [thread 13980] [33.0] [cxt 0] ip_forward.p4(93) Primitive mark_to_drop(standard_metadata)
[23:23:08.967] [bmv2] [D] [thread 13980] [33.0] [cxt 0] Pipeline 'ingress': end
[23:23:08.967] [bmv2] [D] [thread 13980] [33.0] [cxt 0] Egress port is 511
[23:23:08.967] [bmv2] [D] [thread 13980] [33.0] [cxt 0] Dropping packet at the end of ingress
[23:23:09.167] [bmv2] [D] [thread 13980] [34.0] [cxt 0] Processing packet received on port 1
[23:23:09.167] [bmv2] [D] [thread 13980] [34.0] [cxt 0] Parser 'parser': start
[23:23:09.167] [bmv2] [D] [thread 13980] [34.0] [cxt 0] Parser 'parser' entering state 'start'
[23:23:09.167] [bmv2] [D] [thread 13980] [34.0] [cxt 0] Parser state 'start' has no switch, going to default next state
[23:23:09.167] [bmv2] [T] [thread 13980] [34.0] [cxt 0] Bytes parsed: 0
[23:23:09.167] [bmv2] [D] [thread 13980] [34.0] [cxt 0] Parser 'parser' entering state 'parse_ethernet'
[23:23:09.167] [bmv2] [D] [thread 13980] [34.0] [cxt 0] Extracting header 'ethernet'
[23:23:09.168] [bmv2] [D] [thread 13980] [34.0] [cxt 0] Parser state 'parse_ethernet': key is 86dd
[23:23:09.168] [bmv2] [T] [thread 13980] [34.0] [cxt 0] Bytes parsed: 14
[23:23:09.168] [bmv2] [T] [thread 13980] [34.0] [cxt 0] Skipping checksum 'cksum_0' verification because target field invalid
[23:23:09.168] [bmv2] [D] [thread 13980] [34.0] [cxt 0] Parser 'parser': end
[23:23:09.168] [bmv2] [D] [thread 13980] [34.0] [cxt 0] Pipeline 'ingress': start
[23:23:09.168] [bmv2] [T] [thread 13980] [34.0] [cxt 0] Applying table 'ipv4_lpm'
[23:23:09.168] [bmv2] [D] [thread 13980] [34.0] [cxt 0] Looking up key:
* ipv4.dstAddr        : 00000000

[23:23:09.168] [bmv2] [D] [thread 13980] [34.0] [cxt 0] Table 'ipv4_lpm': miss
[23:23:09.168] [bmv2] [D] [thread 13980] [34.0] [cxt 0] Action entry is _drop - 
[23:23:09.168] [bmv2] [T] [thread 13980] [34.0] [cxt 0] Action _drop
[23:23:09.168] [bmv2] [T] [thread 13980] [34.0] [cxt 0] ip_forward.p4(93) Primitive mark_to_drop(standard_metadata)
[23:23:09.168] [bmv2] [D] [thread 13980] [34.0] [cxt 0] Pipeline 'ingress': end
[23:23:09.168] [bmv2] [D] [thread 13980] [34.0] [cxt 0] Egress port is 511
[23:23:09.168] [bmv2] [D] [thread 13980] [34.0] [cxt 0] Dropping packet at the end of ingress
[23:23:09.248] [bmv2] [D] [thread 13980] [35.0] [cxt 0] Processing packet received on port 2
[23:23:09.248] [bmv2] [D] [thread 13980] [35.0] [cxt 0] Parser 'parser': start
[23:23:09.248] [bmv2] [D] [thread 13980] [35.0] [cxt 0] Parser 'parser' entering state 'start'
[23:23:09.248] [bmv2] [D] [thread 13980] [35.0] [cxt 0] Parser state 'start' has no switch, going to default next state
[23:23:09.248] [bmv2] [T] [thread 13980] [35.0] [cxt 0] Bytes parsed: 0
[23:23:09.248] [bmv2] [D] [thread 13980] [35.0] [cxt 0] Parser 'parser' entering state 'parse_ethernet'
[23:23:09.248] [bmv2] [D] [thread 13980] [35.0] [cxt 0] Extracting header 'ethernet'
[23:23:09.248] [bmv2] [D] [thread 13980] [35.0] [cxt 0] Parser state 'parse_ethernet': key is 86dd
[23:23:09.248] [bmv2] [T] [thread 13980] [35.0] [cxt 0] Bytes parsed: 14
[23:23:09.248] [bmv2] [T] [thread 13980] [35.0] [cxt 0] Skipping checksum 'cksum_0' verification because target field invalid
[23:23:09.248] [bmv2] [D] [thread 13980] [35.0] [cxt 0] Parser 'parser': end
[23:23:09.249] [bmv2] [D] [thread 13980] [35.0] [cxt 0] Pipeline 'ingress': start
[23:23:09.249] [bmv2] [T] [thread 13980] [35.0] [cxt 0] Applying table 'ipv4_lpm'
[23:23:09.249] [bmv2] [D] [thread 13980] [35.0] [cxt 0] Looking up key:
* ipv4.dstAddr        : 00000000

[23:23:09.249] [bmv2] [D] [thread 13980] [35.0] [cxt 0] Table 'ipv4_lpm': miss
[23:23:09.249] [bmv2] [D] [thread 13980] [35.0] [cxt 0] Action entry is _drop - 
[23:23:09.249] [bmv2] [T] [thread 13980] [35.0] [cxt 0] Action _drop
[23:23:09.249] [bmv2] [T] [thread 13980] [35.0] [cxt 0] ip_forward.p4(93) Primitive mark_to_drop(standard_metadata)
[23:23:09.249] [bmv2] [D] [thread 13980] [35.0] [cxt 0] Pipeline 'ingress': end
[23:23:09.249] [bmv2] [D] [thread 13980] [35.0] [cxt 0] Egress port is 511
[23:23:09.249] [bmv2] [D] [thread 13980] [35.0] [cxt 0] Dropping packet at the end of ingress
[23:23:09.485] [bmv2] [D] [thread 13980] [36.0] [cxt 0] Processing packet received on port 1
[23:23:09.485] [bmv2] [D] [thread 13980] [36.0] [cxt 0] Parser 'parser': start
[23:23:09.485] [bmv2] [D] [thread 13980] [36.0] [cxt 0] Parser 'parser' entering state 'start'
[23:23:09.485] [bmv2] [D] [thread 13980] [36.0] [cxt 0] Parser state 'start' has no switch, going to default next state
[23:23:09.485] [bmv2] [T] [thread 13980] [36.0] [cxt 0] Bytes parsed: 0
[23:23:09.485] [bmv2] [D] [thread 13980] [36.0] [cxt 0] Parser 'parser' entering state 'parse_ethernet'
[23:23:09.485] [bmv2] [D] [thread 13980] [36.0] [cxt 0] Extracting header 'ethernet'
[23:23:09.485] [bmv2] [D] [thread 13980] [36.0] [cxt 0] Parser state 'parse_ethernet': key is 86dd
[23:23:09.485] [bmv2] [T] [thread 13980] [36.0] [cxt 0] Bytes parsed: 14
[23:23:09.485] [bmv2] [T] [thread 13980] [36.0] [cxt 0] Skipping checksum 'cksum_0' verification because target field invalid
[23:23:09.485] [bmv2] [D] [thread 13980] [36.0] [cxt 0] Parser 'parser': end
[23:23:09.485] [bmv2] [D] [thread 13980] [36.0] [cxt 0] Pipeline 'ingress': start
[23:23:09.485] [bmv2] [T] [thread 13980] [36.0] [cxt 0] Applying table 'ipv4_lpm'
[23:23:09.486] [bmv2] [D] [thread 13980] [36.0] [cxt 0] Looking up key:
* ipv4.dstAddr        : 00000000

[23:23:09.486] [bmv2] [D] [thread 13980] [36.0] [cxt 0] Table 'ipv4_lpm': miss
[23:23:09.486] [bmv2] [D] [thread 13980] [36.0] [cxt 0] Action entry is _drop - 
[23:23:09.486] [bmv2] [T] [thread 13980] [36.0] [cxt 0] Action _drop
[23:23:09.486] [bmv2] [T] [thread 13980] [36.0] [cxt 0] ip_forward.p4(93) Primitive mark_to_drop(standard_metadata)
[23:23:09.486] [bmv2] [D] [thread 13980] [36.0] [cxt 0] Pipeline 'ingress': end
[23:23:09.486] [bmv2] [D] [thread 13980] [36.0] [cxt 0] Egress port is 511
[23:23:09.486] [bmv2] [D] [thread 13980] [36.0] [cxt 0] Dropping packet at the end of ingress
[23:23:09.486] [bmv2] [D] [thread 13980] [37.0] [cxt 0] Processing packet received on port 1
[23:23:09.486] [bmv2] [D] [thread 13980] [37.0] [cxt 0] Parser 'parser': start
[23:23:09.487] [bmv2] [D] [thread 13980] [37.0] [cxt 0] Parser 'parser' entering state 'start'
[23:23:09.487] [bmv2] [D] [thread 13980] [37.0] [cxt 0] Parser state 'start' has no switch, going to default next state
[23:23:09.487] [bmv2] [T] [thread 13980] [37.0] [cxt 0] Bytes parsed: 0
[23:23:09.487] [bmv2] [D] [thread 13980] [37.0] [cxt 0] Parser 'parser' entering state 'parse_ethernet'
[23:23:09.487] [bmv2] [D] [thread 13980] [37.0] [cxt 0] Extracting header 'ethernet'
[23:23:09.487] [bmv2] [D] [thread 13980] [37.0] [cxt 0] Parser state 'parse_ethernet': key is 86dd
[23:23:09.487] [bmv2] [T] [thread 13980] [37.0] [cxt 0] Bytes parsed: 14
[23:23:09.487] [bmv2] [T] [thread 13980] [37.0] [cxt 0] Skipping checksum 'cksum_0' verification because target field invalid
[23:23:09.487] [bmv2] [D] [thread 13980] [37.0] [cxt 0] Parser 'parser': end
[23:23:09.487] [bmv2] [D] [thread 13980] [37.0] [cxt 0] Pipeline 'ingress': start
[23:23:09.487] [bmv2] [T] [thread 13980] [37.0] [cxt 0] Applying table 'ipv4_lpm'
[23:23:09.487] [bmv2] [D] [thread 13980] [37.0] [cxt 0] Looking up key:
* ipv4.dstAddr        : 00000000

[23:23:09.487] [bmv2] [D] [thread 13980] [37.0] [cxt 0] Table 'ipv4_lpm': miss
[23:23:09.487] [bmv2] [D] [thread 13980] [37.0] [cxt 0] Action entry is _drop - 
[23:23:09.488] [bmv2] [T] [thread 13980] [37.0] [cxt 0] Action _drop
[23:23:09.488] [bmv2] [T] [thread 13980] [37.0] [cxt 0] ip_forward.p4(93) Primitive mark_to_drop(standard_metadata)
[23:23:09.488] [bmv2] [D] [thread 13980] [37.0] [cxt 0] Pipeline 'ingress': end
[23:23:09.488] [bmv2] [D] [thread 13980] [37.0] [cxt 0] Egress port is 511
[23:23:09.488] [bmv2] [D] [thread 13980] [37.0] [cxt 0] Dropping packet at the end of ingress
[23:23:09.666] [bmv2] [D] [thread 13980] [38.0] [cxt 0] Processing packet received on port 2
[23:23:09.667] [bmv2] [D] [thread 13980] [38.0] [cxt 0] Parser 'parser': start
[23:23:09.667] [bmv2] [D] [thread 13980] [38.0] [cxt 0] Parser 'parser' entering state 'start'
[23:23:09.667] [bmv2] [D] [thread 13980] [38.0] [cxt 0] Parser state 'start' has no switch, going to default next state
[23:23:09.667] [bmv2] [T] [thread 13980] [38.0] [cxt 0] Bytes parsed: 0
[23:23:09.667] [bmv2] [D] [thread 13980] [38.0] [cxt 0] Parser 'parser' entering state 'parse_ethernet'
[23:23:09.667] [bmv2] [D] [thread 13980] [38.0] [cxt 0] Extracting header 'ethernet'
[23:23:09.667] [bmv2] [D] [thread 13980] [38.0] [cxt 0] Parser state 'parse_ethernet': key is 86dd
[23:23:09.667] [bmv2] [T] [thread 13980] [38.0] [cxt 0] Bytes parsed: 14
[23:23:09.667] [bmv2] [T] [thread 13980] [38.0] [cxt 0] Skipping checksum 'cksum_0' verification because target field invalid
[23:23:09.667] [bmv2] [D] [thread 13980] [38.0] [cxt 0] Parser 'parser': end
[23:23:09.667] [bmv2] [D] [thread 13980] [38.0] [cxt 0] Pipeline 'ingress': start
[23:23:09.667] [bmv2] [T] [thread 13980] [38.0] [cxt 0] Applying table 'ipv4_lpm'
[23:23:09.668] [bmv2] [D] [thread 13980] [38.0] [cxt 0] Looking up key:
* ipv4.dstAddr        : 00000000

[23:23:09.668] [bmv2] [D] [thread 13980] [38.0] [cxt 0] Table 'ipv4_lpm': miss
[23:23:09.668] [bmv2] [D] [thread 13980] [38.0] [cxt 0] Action entry is _drop - 
[23:23:09.668] [bmv2] [T] [thread 13980] [38.0] [cxt 0] Action _drop
[23:23:09.668] [bmv2] [T] [thread 13980] [38.0] [cxt 0] ip_forward.p4(93) Primitive mark_to_drop(standard_metadata)
[23:23:09.668] [bmv2] [D] [thread 13980] [38.0] [cxt 0] Pipeline 'ingress': end
[23:23:09.668] [bmv2] [D] [thread 13980] [38.0] [cxt 0] Egress port is 511
[23:23:09.668] [bmv2] [D] [thread 13980] [38.0] [cxt 0] Dropping packet at the end of ingress
[23:23:09.977] [bmv2] [D] [thread 13980] [39.0] [cxt 0] Processing packet received on port 2
[23:23:09.977] [bmv2] [D] [thread 13980] [39.0] [cxt 0] Parser 'parser': start
[23:23:09.977] [bmv2] [D] [thread 13980] [39.0] [cxt 0] Parser 'parser' entering state 'start'
[23:23:09.977] [bmv2] [D] [thread 13980] [39.0] [cxt 0] Parser state 'start' has no switch, going to default next state
[23:23:09.977] [bmv2] [T] [thread 13980] [39.0] [cxt 0] Bytes parsed: 0
[23:23:09.977] [bmv2] [D] [thread 13980] [39.0] [cxt 0] Parser 'parser' entering state 'parse_ethernet'
[23:23:09.977] [bmv2] [D] [thread 13980] [39.0] [cxt 0] Extracting header 'ethernet'
[23:23:09.978] [bmv2] [D] [thread 13980] [39.0] [cxt 0] Parser state 'parse_ethernet': key is 86dd
[23:23:09.978] [bmv2] [T] [thread 13980] [39.0] [cxt 0] Bytes parsed: 14
[23:23:09.978] [bmv2] [T] [thread 13980] [39.0] [cxt 0] Skipping checksum 'cksum_0' verification because target field invalid
[23:23:09.978] [bmv2] [D] [thread 13980] [39.0] [cxt 0] Parser 'parser': end
[23:23:09.978] [bmv2] [D] [thread 13980] [39.0] [cxt 0] Pipeline 'ingress': start
[23:23:09.978] [bmv2] [T] [thread 13980] [39.0] [cxt 0] Applying table 'ipv4_lpm'
[23:23:09.978] [bmv2] [D] [thread 13980] [39.0] [cxt 0] Looking up key:
* ipv4.dstAddr        : 00000000

[23:23:09.978] [bmv2] [D] [thread 13980] [39.0] [cxt 0] Table 'ipv4_lpm': miss
[23:23:09.978] [bmv2] [D] [thread 13980] [39.0] [cxt 0] Action entry is _drop - 
[23:23:09.978] [bmv2] [T] [thread 13980] [39.0] [cxt 0] Action _drop
[23:23:09.978] [bmv2] [T] [thread 13980] [39.0] [cxt 0] ip_forward.p4(93) Primitive mark_to_drop(standard_metadata)
[23:23:09.978] [bmv2] [D] [thread 13980] [39.0] [cxt 0] Pipeline 'ingress': end
[23:23:09.978] [bmv2] [D] [thread 13980] [39.0] [cxt 0] Egress port is 511
[23:23:09.978] [bmv2] [D] [thread 13980] [39.0] [cxt 0] Dropping packet at the end of ingress
[23:23:10.196] [bmv2] [D] [thread 13980] [40.0] [cxt 0] Processing packet received on port 1
[23:23:10.196] [bmv2] [D] [thread 13980] [40.0] [cxt 0] Parser 'parser': start
[23:23:10.196] [bmv2] [D] [thread 13980] [40.0] [cxt 0] Parser 'parser' entering state 'start'
[23:23:10.196] [bmv2] [D] [thread 13980] [40.0] [cxt 0] Parser state 'start' has no switch, going to default next state
[23:23:10.196] [bmv2] [T] [thread 13980] [40.0] [cxt 0] Bytes parsed: 0
[23:23:10.196] [bmv2] [D] [thread 13980] [40.0] [cxt 0] Parser 'parser' entering state 'parse_ethernet'
[23:23:10.196] [bmv2] [D] [thread 13980] [40.0] [cxt 0] Extracting header 'ethernet'
[23:23:10.196] [bmv2] [D] [thread 13980] [40.0] [cxt 0] Parser state 'parse_ethernet': key is 86dd
[23:23:10.196] [bmv2] [T] [thread 13980] [40.0] [cxt 0] Bytes parsed: 14
[23:23:10.196] [bmv2] [T] [thread 13980] [40.0] [cxt 0] Skipping checksum 'cksum_0' verification because target field invalid
[23:23:10.196] [bmv2] [D] [thread 13980] [40.0] [cxt 0] Parser 'parser': end
[23:23:10.196] [bmv2] [D] [thread 13980] [40.0] [cxt 0] Pipeline 'ingress': start
[23:23:10.196] [bmv2] [T] [thread 13980] [40.0] [cxt 0] Applying table 'ipv4_lpm'
[23:23:10.196] [bmv2] [D] [thread 13980] [40.0] [cxt 0] Looking up key:
* ipv4.dstAddr        : 00000000

[23:23:10.196] [bmv2] [D] [thread 13980] [40.0] [cxt 0] Table 'ipv4_lpm': miss
[23:23:10.196] [bmv2] [D] [thread 13980] [40.0] [cxt 0] Action entry is _drop - 
[23:23:10.196] [bmv2] [T] [thread 13980] [40.0] [cxt 0] Action _drop
[23:23:10.196] [bmv2] [T] [thread 13980] [40.0] [cxt 0] ip_forward.p4(93) Primitive mark_to_drop(standard_metadata)
[23:23:10.197] [bmv2] [D] [thread 13980] [40.0] [cxt 0] Pipeline 'ingress': end
[23:23:10.197] [bmv2] [D] [thread 13980] [40.0] [cxt 0] Egress port is 511
[23:23:10.197] [bmv2] [D] [thread 13980] [40.0] [cxt 0] Dropping packet at the end of ingress
[23:23:10.757] [bmv2] [D] [thread 13980] [41.0] [cxt 0] Processing packet received on port 1
[23:23:10.757] [bmv2] [D] [thread 13980] [41.0] [cxt 0] Parser 'parser': start
[23:23:10.757] [bmv2] [D] [thread 13980] [41.0] [cxt 0] Parser 'parser' entering state 'start'
[23:23:10.757] [bmv2] [D] [thread 13980] [41.0] [cxt 0] Parser state 'start' has no switch, going to default next state
[23:23:10.757] [bmv2] [T] [thread 13980] [41.0] [cxt 0] Bytes parsed: 0
[23:23:10.757] [bmv2] [D] [thread 13980] [41.0] [cxt 0] Parser 'parser' entering state 'parse_ethernet'
[23:23:10.757] [bmv2] [D] [thread 13980] [41.0] [cxt 0] Extracting header 'ethernet'
[23:23:10.757] [bmv2] [D] [thread 13980] [41.0] [cxt 0] Parser state 'parse_ethernet': key is 86dd
[23:23:10.757] [bmv2] [T] [thread 13980] [41.0] [cxt 0] Bytes parsed: 14
[23:23:10.757] [bmv2] [T] [thread 13980] [41.0] [cxt 0] Skipping checksum 'cksum_0' verification because target field invalid
[23:23:10.757] [bmv2] [D] [thread 13980] [41.0] [cxt 0] Parser 'parser': end
[23:23:10.757] [bmv2] [D] [thread 13980] [41.0] [cxt 0] Pipeline 'ingress': start
[23:23:10.757] [bmv2] [T] [thread 13980] [41.0] [cxt 0] Applying table 'ipv4_lpm'
[23:23:10.758] [bmv2] [D] [thread 13980] [41.0] [cxt 0] Looking up key:
* ipv4.dstAddr        : 00000000

[23:23:10.758] [bmv2] [D] [thread 13980] [41.0] [cxt 0] Table 'ipv4_lpm': miss
[23:23:10.758] [bmv2] [D] [thread 13980] [41.0] [cxt 0] Action entry is _drop - 
[23:23:10.758] [bmv2] [T] [thread 13980] [41.0] [cxt 0] Action _drop
[23:23:10.758] [bmv2] [T] [thread 13980] [41.0] [cxt 0] ip_forward.p4(93) Primitive mark_to_drop(standard_metadata)
[23:23:10.758] [bmv2] [D] [thread 13980] [41.0] [cxt 0] Pipeline 'ingress': end
[23:23:10.758] [bmv2] [D] [thread 13980] [41.0] [cxt 0] Egress port is 511
[23:23:10.758] [bmv2] [D] [thread 13980] [41.0] [cxt 0] Dropping packet at the end of ingress
[23:23:10.954] [bmv2] [D] [thread 13980] [42.0] [cxt 0] Processing packet received on port 2
[23:23:10.954] [bmv2] [D] [thread 13980] [42.0] [cxt 0] Parser 'parser': start
[23:23:10.954] [bmv2] [D] [thread 13980] [42.0] [cxt 0] Parser 'parser' entering state 'start'
[23:23:10.954] [bmv2] [D] [thread 13980] [42.0] [cxt 0] Parser state 'start' has no switch, going to default next state
[23:23:10.954] [bmv2] [T] [thread 13980] [42.0] [cxt 0] Bytes parsed: 0
[23:23:10.954] [bmv2] [D] [thread 13980] [42.0] [cxt 0] Parser 'parser' entering state 'parse_ethernet'
[23:23:10.954] [bmv2] [D] [thread 13980] [42.0] [cxt 0] Extracting header 'ethernet'
[23:23:10.954] [bmv2] [D] [thread 13980] [42.0] [cxt 0] Parser state 'parse_ethernet': key is 86dd
[23:23:10.954] [bmv2] [T] [thread 13980] [42.0] [cxt 0] Bytes parsed: 14
[23:23:10.954] [bmv2] [T] [thread 13980] [42.0] [cxt 0] Skipping checksum 'cksum_0' verification because target field invalid
[23:23:10.954] [bmv2] [D] [thread 13980] [42.0] [cxt 0] Parser 'parser': end
[23:23:10.954] [bmv2] [D] [thread 13980] [42.0] [cxt 0] Pipeline 'ingress': start
[23:23:10.954] [bmv2] [T] [thread 13980] [42.0] [cxt 0] Applying table 'ipv4_lpm'
[23:23:10.954] [bmv2] [D] [thread 13980] [42.0] [cxt 0] Looking up key:
* ipv4.dstAddr        : 00000000

[23:23:10.954] [bmv2] [D] [thread 13980] [42.0] [cxt 0] Table 'ipv4_lpm': miss
[23:23:10.955] [bmv2] [D] [thread 13980] [42.0] [cxt 0] Action entry is _drop - 
[23:23:10.955] [bmv2] [T] [thread 13980] [42.0] [cxt 0] Action _drop
[23:23:10.955] [bmv2] [T] [thread 13980] [42.0] [cxt 0] ip_forward.p4(93) Primitive mark_to_drop(standard_metadata)
[23:23:10.955] [bmv2] [D] [thread 13980] [42.0] [cxt 0] Pipeline 'ingress': end
[23:23:10.955] [bmv2] [D] [thread 13980] [42.0] [cxt 0] Egress port is 511
[23:23:10.955] [bmv2] [D] [thread 13980] [42.0] [cxt 0] Dropping packet at the end of ingress
[23:23:12.341] [bmv2] [T] [thread 14062] bm_get_config
[23:23:12.345] [bmv2] [T] [thread 14062] bm_table_add_entry
[23:23:12.345] [bmv2] [D] [thread 14062] Entry 0 added to table 'ipv4_lpm'
[23:23:12.345] [bmv2] [D] [thread 14062] Dumping entry 0
Match key:
* ipv4.dstAddr        : LPM       0a000100/24
Action entry: set_nhop - 100000001,1,

[23:23:12.346] [bmv2] [T] [thread 14062] bm_table_add_entry
[23:23:12.346] [bmv2] [D] [thread 14062] Entry 1 added to table 'ipv4_lpm'
[23:23:12.346] [bmv2] [D] [thread 14062] Dumping entry 1
Match key:
* ipv4.dstAddr        : LPM       0a000400/24
Action entry: set_nhop - 400000001,2,

[23:23:47.205] [bmv2] [D] [thread 13980] [43.0] [cxt 0] Processing packet received on port 1
[23:23:47.205] [bmv2] [D] [thread 13980] [43.0] [cxt 0] Parser 'parser': start
[23:23:47.205] [bmv2] [D] [thread 13980] [43.0] [cxt 0] Parser 'parser' entering state 'start'
[23:23:47.205] [bmv2] [D] [thread 13980] [43.0] [cxt 0] Parser state 'start' has no switch, going to default next state
[23:23:47.205] [bmv2] [T] [thread 13980] [43.0] [cxt 0] Bytes parsed: 0
[23:23:47.205] [bmv2] [D] [thread 13980] [43.0] [cxt 0] Parser 'parser' entering state 'parse_ethernet'
[23:23:47.205] [bmv2] [D] [thread 13980] [43.0] [cxt 0] Extracting header 'ethernet'
[23:23:47.205] [bmv2] [D] [thread 13980] [43.0] [cxt 0] Parser state 'parse_ethernet': key is 0800
[23:23:47.205] [bmv2] [T] [thread 13980] [43.0] [cxt 0] Bytes parsed: 14
[23:23:47.205] [bmv2] [D] [thread 13980] [43.0] [cxt 0] Parser 'parser' entering state 'parse_ipv4'
[23:23:47.205] [bmv2] [D] [thread 13980] [43.0] [cxt 0] Extracting header 'ipv4'
[23:23:47.205] [bmv2] [D] [thread 13980] [43.0] [cxt 0] Parser state 'parse_ipv4' has no switch, going to default next state
[23:23:47.205] [bmv2] [T] [thread 13980] [43.0] [cxt 0] Bytes parsed: 34
[23:23:47.205] [bmv2] [D] [thread 13980] [43.0] [cxt 0] Verifying checksum 'cksum_0': true
[23:23:47.205] [bmv2] [D] [thread 13980] [43.0] [cxt 0] Parser 'parser': end
[23:23:47.206] [bmv2] [D] [thread 13980] [43.0] [cxt 0] Pipeline 'ingress': start
[23:23:47.206] [bmv2] [T] [thread 13980] [43.0] [cxt 0] Applying table 'ipv4_lpm'
[23:23:47.206] [bmv2] [D] [thread 13980] [43.0] [cxt 0] Looking up key:
* ipv4.dstAddr        : 0a000402

[23:23:47.206] [bmv2] [D] [thread 13980] [43.0] [cxt 0] Table 'ipv4_lpm': hit with handle 1
[23:23:47.206] [bmv2] [D] [thread 13980] [43.0] [cxt 0] Dumping entry 1
Match key:
* ipv4.dstAddr        : LPM       0a000400/24
Action entry: set_nhop - 400000001,2,

[23:23:47.206] [bmv2] [D] [thread 13980] [43.0] [cxt 0] Action entry is set_nhop - 400000001,2,
[23:23:47.206] [bmv2] [T] [thread 13980] [43.0] [cxt 0] Action set_nhop
[23:23:47.206] [bmv2] [T] [thread 13980] [43.0] [cxt 0] ip_forward.p4(81) Primitive hdr.ethernet.srcAddr = hdr.ethernet.dstAddr
[23:23:47.206] [bmv2] [T] [thread 13980] [43.0] [cxt 0] ip_forward.p4(84) Primitive hdr.ethernet.dstAddr = dstAddr
[23:23:47.206] [bmv2] [T] [thread 13980] [43.0] [cxt 0] ip_forward.p4(87) Primitive standard_metadata.egress_spec = port
[23:23:47.206] [bmv2] [T] [thread 13980] [43.0] [cxt 0] ip_forward.p4(90) Primitive hdr.ipv4.ttl = hdr.ipv4.ttl - 1
[23:23:47.206] [bmv2] [D] [thread 13980] [43.0] [cxt 0] Pipeline 'ingress': end
[23:23:47.206] [bmv2] [D] [thread 13980] [43.0] [cxt 0] Egress port is 2
[23:23:47.206] [bmv2] [D] [thread 13983] [43.0] [cxt 0] Pipeline 'egress': start
[23:23:47.206] [bmv2] [D] [thread 13983] [43.0] [cxt 0] Pipeline 'egress': end
[23:23:47.206] [bmv2] [D] [thread 13983] [43.0] [cxt 0] Deparser 'deparser': start
[23:23:47.206] [bmv2] [D] [thread 13983] [43.0] [cxt 0] Updating checksum 'cksum'
[23:23:47.206] [bmv2] [D] [thread 13983] [43.0] [cxt 0] Deparsing header 'ethernet'
[23:23:47.206] [bmv2] [D] [thread 13983] [43.0] [cxt 0] Deparsing header 'ipv4'
[23:23:47.206] [bmv2] [D] [thread 13983] [43.0] [cxt 0] Deparser 'deparser': end
[23:23:47.206] [bmv2] [D] [thread 13985] [43.0] [cxt 0] Transmitting packet of size 98 out of port 2
[23:23:47.208] [bmv2] [D] [thread 13980] [44.0] [cxt 0] Processing packet received on port 2
[23:23:47.208] [bmv2] [D] [thread 13980] [44.0] [cxt 0] Parser 'parser': start
[23:23:47.208] [bmv2] [D] [thread 13980] [44.0] [cxt 0] Parser 'parser' entering state 'start'
[23:23:47.208] [bmv2] [D] [thread 13980] [44.0] [cxt 0] Parser state 'start' has no switch, going to default next state
[23:23:47.208] [bmv2] [T] [thread 13980] [44.0] [cxt 0] Bytes parsed: 0
[23:23:47.208] [bmv2] [D] [thread 13980] [44.0] [cxt 0] Parser 'parser' entering state 'parse_ethernet'
[23:23:47.208] [bmv2] [D] [thread 13980] [44.0] [cxt 0] Extracting header 'ethernet'
[23:23:47.208] [bmv2] [D] [thread 13980] [44.0] [cxt 0] Parser state 'parse_ethernet': key is 0800
[23:23:47.208] [bmv2] [T] [thread 13980] [44.0] [cxt 0] Bytes parsed: 14
[23:23:47.208] [bmv2] [D] [thread 13980] [44.0] [cxt 0] Parser 'parser' entering state 'parse_ipv4'
[23:23:47.209] [bmv2] [D] [thread 13980] [44.0] [cxt 0] Extracting header 'ipv4'
[23:23:47.209] [bmv2] [D] [thread 13980] [44.0] [cxt 0] Parser state 'parse_ipv4' has no switch, going to default next state
[23:23:47.209] [bmv2] [T] [thread 13980] [44.0] [cxt 0] Bytes parsed: 34
[23:23:47.209] [bmv2] [D] [thread 13980] [44.0] [cxt 0] Verifying checksum 'cksum_0': true
[23:23:47.209] [bmv2] [D] [thread 13980] [44.0] [cxt 0] Parser 'parser': end
[23:23:47.209] [bmv2] [D] [thread 13980] [44.0] [cxt 0] Pipeline 'ingress': start
[23:23:47.209] [bmv2] [T] [thread 13980] [44.0] [cxt 0] Applying table 'ipv4_lpm'
[23:23:47.209] [bmv2] [D] [thread 13980] [44.0] [cxt 0] Looking up key:
* ipv4.dstAddr        : 0a000101

[23:23:47.209] [bmv2] [D] [thread 13980] [44.0] [cxt 0] Table 'ipv4_lpm': hit with handle 0
[23:23:47.209] [bmv2] [D] [thread 13980] [44.0] [cxt 0] Dumping entry 0
Match key:
* ipv4.dstAddr        : LPM       0a000100/24
Action entry: set_nhop - 100000001,1,

[23:23:47.209] [bmv2] [D] [thread 13980] [44.0] [cxt 0] Action entry is set_nhop - 100000001,1,
[23:23:47.209] [bmv2] [T] [thread 13980] [44.0] [cxt 0] Action set_nhop
[23:23:47.209] [bmv2] [T] [thread 13980] [44.0] [cxt 0] ip_forward.p4(81) Primitive hdr.ethernet.srcAddr = hdr.ethernet.dstAddr
[23:23:47.209] [bmv2] [T] [thread 13980] [44.0] [cxt 0] ip_forward.p4(84) Primitive hdr.ethernet.dstAddr = dstAddr
[23:23:47.209] [bmv2] [T] [thread 13980] [44.0] [cxt 0] ip_forward.p4(87) Primitive standard_metadata.egress_spec = port
[23:23:47.209] [bmv2] [T] [thread 13980] [44.0] [cxt 0] ip_forward.p4(90) Primitive hdr.ipv4.ttl = hdr.ipv4.ttl - 1
[23:23:47.209] [bmv2] [D] [thread 13980] [44.0] [cxt 0] Pipeline 'ingress': end
[23:23:47.209] [bmv2] [D] [thread 13980] [44.0] [cxt 0] Egress port is 1
[23:23:47.209] [bmv2] [D] [thread 13982] [44.0] [cxt 0] Pipeline 'egress': start
[23:23:47.209] [bmv2] [D] [thread 13982] [44.0] [cxt 0] Pipeline 'egress': end
[23:23:47.209] [bmv2] [D] [thread 13982] [44.0] [cxt 0] Deparser 'deparser': start
[23:23:47.209] [bmv2] [D] [thread 13982] [44.0] [cxt 0] Updating checksum 'cksum'
[23:23:47.209] [bmv2] [D] [thread 13982] [44.0] [cxt 0] Deparsing header 'ethernet'
[23:23:47.209] [bmv2] [D] [thread 13982] [44.0] [cxt 0] Deparsing header 'ipv4'
[23:23:47.209] [bmv2] [D] [thread 13982] [44.0] [cxt 0] Deparser 'deparser': end
[23:23:47.209] [bmv2] [D] [thread 13985] [44.0] [cxt 0] Transmitting packet of size 98 out of port 1
open: No such file or directory
