Calling target program-options parser
[23:23:09.861] [bmv2] [D] [thread 14006] Set default default entry for table 'ipv4_lpm': _drop - 
Adding interface s4-eth1 as port 1
[23:23:09.872] [bmv2] [D] [thread 14006] Adding interface s4-eth1 as port 1
Adding interface s4-eth2 as port 2
[23:23:09.898] [bmv2] [D] [thread 14006] Adding interface s4-eth2 as port 2
Adding interface s4-eth3 as port 3
[23:23:09.964] [bmv2] [D] [thread 14006] Adding interface s4-eth3 as port 3
[23:23:09.995] [bmv2] [I] [thread 14006] Starting Thrift server on port 9093
[23:23:09.995] [bmv2] [I] [thread 14006] Thrift server was started
[23:23:09.997] [bmv2] [D] [thread 14012] [0.0] [cxt 0] Processing packet received on port 1
[23:23:09.997] [bmv2] [D] [thread 14012] [0.0] [cxt 0] Parser 'parser': start
[23:23:09.997] [bmv2] [D] [thread 14012] [0.0] [cxt 0] Parser 'parser' entering state 'start'
[23:23:09.997] [bmv2] [D] [thread 14012] [0.0] [cxt 0] Parser state 'start' has no switch, going to default next state
[23:23:09.997] [bmv2] [T] [thread 14012] [0.0] [cxt 0] Bytes parsed: 0
[23:23:09.997] [bmv2] [D] [thread 14012] [0.0] [cxt 0] Parser 'parser' entering state 'parse_ethernet'
[23:23:09.997] [bmv2] [D] [thread 14012] [0.0] [cxt 0] Extracting header 'ethernet'
[23:23:09.997] [bmv2] [D] [thread 14012] [0.0] [cxt 0] Parser state 'parse_ethernet': key is 86dd
[23:23:09.997] [bmv2] [T] [thread 14012] [0.0] [cxt 0] Bytes parsed: 14
[23:23:09.997] [bmv2] [T] [thread 14012] [0.0] [cxt 0] Skipping checksum 'cksum_0' verification because target field invalid
[23:23:09.997] [bmv2] [D] [thread 14012] [0.0] [cxt 0] Parser 'parser': end
[23:23:09.997] [bmv2] [D] [thread 14012] [0.0] [cxt 0] Pipeline 'ingress': start
[23:23:09.997] [bmv2] [T] [thread 14012] [0.0] [cxt 0] Applying table 'ipv4_lpm'
[23:23:09.997] [bmv2] [D] [thread 14012] [0.0] [cxt 0] Looking up key:
* ipv4.dstAddr        : 00000000

[23:23:09.997] [bmv2] [D] [thread 14012] [0.0] [cxt 0] Table 'ipv4_lpm': miss
[23:23:09.997] [bmv2] [D] [thread 14012] [0.0] [cxt 0] Action entry is _drop - 
[23:23:09.997] [bmv2] [T] [thread 14012] [0.0] [cxt 0] Action _drop
[23:23:09.997] [bmv2] [T] [thread 14012] [0.0] [cxt 0] ip_forward.p4(93) Primitive mark_to_drop(standard_metadata)
[23:23:09.997] [bmv2] [D] [thread 14012] [0.0] [cxt 0] Pipeline 'ingress': end
[23:23:09.997] [bmv2] [D] [thread 14012] [0.0] [cxt 0] Egress port is 511
[23:23:09.997] [bmv2] [D] [thread 14012] [0.0] [cxt 0] Dropping packet at the end of ingress
[23:23:10.182] [bmv2] [D] [thread 14012] [1.0] [cxt 0] Processing packet received on port 2
[23:23:10.182] [bmv2] [D] [thread 14012] [1.0] [cxt 0] Parser 'parser': start
[23:23:10.182] [bmv2] [D] [thread 14012] [1.0] [cxt 0] Parser 'parser' entering state 'start'
[23:23:10.182] [bmv2] [D] [thread 14012] [1.0] [cxt 0] Parser state 'start' has no switch, going to default next state
[23:23:10.182] [bmv2] [T] [thread 14012] [1.0] [cxt 0] Bytes parsed: 0
[23:23:10.182] [bmv2] [D] [thread 14012] [1.0] [cxt 0] Parser 'parser' entering state 'parse_ethernet'
[23:23:10.182] [bmv2] [D] [thread 14012] [1.0] [cxt 0] Extracting header 'ethernet'
[23:23:10.182] [bmv2] [D] [thread 14012] [1.0] [cxt 0] Parser state 'parse_ethernet': key is 86dd
[23:23:10.182] [bmv2] [T] [thread 14012] [1.0] [cxt 0] Bytes parsed: 14
[23:23:10.182] [bmv2] [T] [thread 14012] [1.0] [cxt 0] Skipping checksum 'cksum_0' verification because target field invalid
[23:23:10.182] [bmv2] [D] [thread 14012] [1.0] [cxt 0] Parser 'parser': end
[23:23:10.182] [bmv2] [D] [thread 14012] [1.0] [cxt 0] Pipeline 'ingress': start
[23:23:10.182] [bmv2] [T] [thread 14012] [1.0] [cxt 0] Applying table 'ipv4_lpm'
[23:23:10.183] [bmv2] [D] [thread 14012] [1.0] [cxt 0] Looking up key:
* ipv4.dstAddr        : 00000000

[23:23:10.183] [bmv2] [D] [thread 14012] [1.0] [cxt 0] Table 'ipv4_lpm': miss
[23:23:10.183] [bmv2] [D] [thread 14012] [1.0] [cxt 0] Action entry is _drop - 
[23:23:10.183] [bmv2] [T] [thread 14012] [1.0] [cxt 0] Action _drop
[23:23:10.183] [bmv2] [T] [thread 14012] [1.0] [cxt 0] ip_forward.p4(93) Primitive mark_to_drop(standard_metadata)
[23:23:10.183] [bmv2] [D] [thread 14012] [1.0] [cxt 0] Pipeline 'ingress': end
[23:23:10.183] [bmv2] [D] [thread 14012] [1.0] [cxt 0] Egress port is 511
[23:23:10.183] [bmv2] [D] [thread 14012] [1.0] [cxt 0] Dropping packet at the end of ingress
[23:23:10.954] [bmv2] [D] [thread 14012] [2.0] [cxt 0] Processing packet received on port 1
[23:23:10.954] [bmv2] [D] [thread 14012] [2.0] [cxt 0] Parser 'parser': start
[23:23:10.955] [bmv2] [D] [thread 14012] [2.0] [cxt 0] Parser 'parser' entering state 'start'
[23:23:10.955] [bmv2] [D] [thread 14012] [2.0] [cxt 0] Parser state 'start' has no switch, going to default next state
[23:23:10.955] [bmv2] [T] [thread 14012] [2.0] [cxt 0] Bytes parsed: 0
[23:23:10.955] [bmv2] [D] [thread 14012] [2.0] [cxt 0] Parser 'parser' entering state 'parse_ethernet'
[23:23:10.955] [bmv2] [D] [thread 14012] [2.0] [cxt 0] Extracting header 'ethernet'
[23:23:10.955] [bmv2] [D] [thread 14012] [2.0] [cxt 0] Parser state 'parse_ethernet': key is 86dd
[23:23:10.955] [bmv2] [T] [thread 14012] [2.0] [cxt 0] Bytes parsed: 14
[23:23:10.955] [bmv2] [T] [thread 14012] [2.0] [cxt 0] Skipping checksum 'cksum_0' verification because target field invalid
[23:23:10.955] [bmv2] [D] [thread 14012] [2.0] [cxt 0] Parser 'parser': end
[23:23:10.955] [bmv2] [D] [thread 14012] [2.0] [cxt 0] Pipeline 'ingress': start
[23:23:10.955] [bmv2] [T] [thread 14012] [2.0] [cxt 0] Applying table 'ipv4_lpm'
[23:23:10.955] [bmv2] [D] [thread 14012] [2.0] [cxt 0] Looking up key:
* ipv4.dstAddr        : 00000000

[23:23:10.955] [bmv2] [D] [thread 14012] [2.0] [cxt 0] Table 'ipv4_lpm': miss
[23:23:10.955] [bmv2] [D] [thread 14012] [2.0] [cxt 0] Action entry is _drop - 
[23:23:10.955] [bmv2] [T] [thread 14012] [2.0] [cxt 0] Action _drop
[23:23:10.955] [bmv2] [T] [thread 14012] [2.0] [cxt 0] ip_forward.p4(93) Primitive mark_to_drop(standard_metadata)
[23:23:10.955] [bmv2] [D] [thread 14012] [2.0] [cxt 0] Pipeline 'ingress': end
[23:23:10.955] [bmv2] [D] [thread 14012] [2.0] [cxt 0] Egress port is 511
[23:23:10.955] [bmv2] [D] [thread 14012] [2.0] [cxt 0] Dropping packet at the end of ingress
[23:23:12.558] [bmv2] [T] [thread 14066] bm_get_config
[23:23:12.562] [bmv2] [T] [thread 14066] bm_table_add_entry
[23:23:12.562] [bmv2] [D] [thread 14066] Entry 0 added to table 'ipv4_lpm'
[23:23:12.562] [bmv2] [D] [thread 14066] Dumping entry 0
Match key:
* ipv4.dstAddr        : LPM       0a000100/24
Action entry: set_nhop - 200000001,1,

[23:23:12.563] [bmv2] [T] [thread 14066] bm_table_add_entry
[23:23:12.563] [bmv2] [D] [thread 14066] Entry 1 added to table 'ipv4_lpm'
[23:23:12.563] [bmv2] [D] [thread 14066] Dumping entry 1
Match key:
* ipv4.dstAddr        : LPM       0a000402/32
Action entry: set_nhop - a000402,3,

[23:23:47.206] [bmv2] [D] [thread 14012] [3.0] [cxt 0] Processing packet received on port 1
[23:23:47.206] [bmv2] [D] [thread 14012] [3.0] [cxt 0] Parser 'parser': start
[23:23:47.206] [bmv2] [D] [thread 14012] [3.0] [cxt 0] Parser 'parser' entering state 'start'
[23:23:47.207] [bmv2] [D] [thread 14012] [3.0] [cxt 0] Parser state 'start' has no switch, going to default next state
[23:23:47.207] [bmv2] [T] [thread 14012] [3.0] [cxt 0] Bytes parsed: 0
[23:23:47.207] [bmv2] [D] [thread 14012] [3.0] [cxt 0] Parser 'parser' entering state 'parse_ethernet'
[23:23:47.207] [bmv2] [D] [thread 14012] [3.0] [cxt 0] Extracting header 'ethernet'
[23:23:47.207] [bmv2] [D] [thread 14012] [3.0] [cxt 0] Parser state 'parse_ethernet': key is 0800
[23:23:47.207] [bmv2] [T] [thread 14012] [3.0] [cxt 0] Bytes parsed: 14
[23:23:47.207] [bmv2] [D] [thread 14012] [3.0] [cxt 0] Parser 'parser' entering state 'parse_ipv4'
[23:23:47.207] [bmv2] [D] [thread 14012] [3.0] [cxt 0] Extracting header 'ipv4'
[23:23:47.207] [bmv2] [D] [thread 14012] [3.0] [cxt 0] Parser state 'parse_ipv4' has no switch, going to default next state
[23:23:47.207] [bmv2] [T] [thread 14012] [3.0] [cxt 0] Bytes parsed: 34
[23:23:47.207] [bmv2] [D] [thread 14012] [3.0] [cxt 0] Verifying checksum 'cksum_0': true
[23:23:47.207] [bmv2] [D] [thread 14012] [3.0] [cxt 0] Parser 'parser': end
[23:23:47.207] [bmv2] [D] [thread 14012] [3.0] [cxt 0] Pipeline 'ingress': start
[23:23:47.207] [bmv2] [T] [thread 14012] [3.0] [cxt 0] Applying table 'ipv4_lpm'
[23:23:47.207] [bmv2] [D] [thread 14012] [3.0] [cxt 0] Looking up key:
* ipv4.dstAddr        : 0a000402

[23:23:47.207] [bmv2] [D] [thread 14012] [3.0] [cxt 0] Table 'ipv4_lpm': hit with handle 1
[23:23:47.207] [bmv2] [D] [thread 14012] [3.0] [cxt 0] Dumping entry 1
Match key:
* ipv4.dstAddr        : LPM       0a000402/32
Action entry: set_nhop - a000402,3,

[23:23:47.207] [bmv2] [D] [thread 14012] [3.0] [cxt 0] Action entry is set_nhop - a000402,3,
[23:23:47.207] [bmv2] [T] [thread 14012] [3.0] [cxt 0] Action set_nhop
[23:23:47.207] [bmv2] [T] [thread 14012] [3.0] [cxt 0] ip_forward.p4(81) Primitive hdr.ethernet.srcAddr = hdr.ethernet.dstAddr
[23:23:47.207] [bmv2] [T] [thread 14012] [3.0] [cxt 0] ip_forward.p4(84) Primitive hdr.ethernet.dstAddr = dstAddr
[23:23:47.207] [bmv2] [T] [thread 14012] [3.0] [cxt 0] ip_forward.p4(87) Primitive standard_metadata.egress_spec = port
[23:23:47.207] [bmv2] [T] [thread 14012] [3.0] [cxt 0] ip_forward.p4(90) Primitive hdr.ipv4.ttl = hdr.ipv4.ttl - 1
[23:23:47.207] [bmv2] [D] [thread 14012] [3.0] [cxt 0] Pipeline 'ingress': end
[23:23:47.207] [bmv2] [D] [thread 14012] [3.0] [cxt 0] Egress port is 3
[23:23:47.207] [bmv2] [D] [thread 14016] [3.0] [cxt 0] Pipeline 'egress': start
[23:23:47.207] [bmv2] [D] [thread 14016] [3.0] [cxt 0] Pipeline 'egress': end
[23:23:47.207] [bmv2] [D] [thread 14016] [3.0] [cxt 0] Deparser 'deparser': start
[23:23:47.207] [bmv2] [D] [thread 14016] [3.0] [cxt 0] Updating checksum 'cksum'
[23:23:47.207] [bmv2] [D] [thread 14016] [3.0] [cxt 0] Deparsing header 'ethernet'
[23:23:47.207] [bmv2] [D] [thread 14016] [3.0] [cxt 0] Deparsing header 'ipv4'
[23:23:47.207] [bmv2] [D] [thread 14016] [3.0] [cxt 0] Deparser 'deparser': end
[23:23:47.207] [bmv2] [D] [thread 14017] [3.0] [cxt 0] Transmitting packet of size 98 out of port 3
[23:23:47.208] [bmv2] [D] [thread 14012] [4.0] [cxt 0] Processing packet received on port 3
[23:23:47.208] [bmv2] [D] [thread 14012] [4.0] [cxt 0] Parser 'parser': start
[23:23:47.208] [bmv2] [D] [thread 14012] [4.0] [cxt 0] Parser 'parser' entering state 'start'
[23:23:47.208] [bmv2] [D] [thread 14012] [4.0] [cxt 0] Parser state 'start' has no switch, going to default next state
[23:23:47.208] [bmv2] [T] [thread 14012] [4.0] [cxt 0] Bytes parsed: 0
[23:23:47.208] [bmv2] [D] [thread 14012] [4.0] [cxt 0] Parser 'parser' entering state 'parse_ethernet'
[23:23:47.208] [bmv2] [D] [thread 14012] [4.0] [cxt 0] Extracting header 'ethernet'
[23:23:47.208] [bmv2] [D] [thread 14012] [4.0] [cxt 0] Parser state 'parse_ethernet': key is 0800
[23:23:47.208] [bmv2] [T] [thread 14012] [4.0] [cxt 0] Bytes parsed: 14
[23:23:47.208] [bmv2] [D] [thread 14012] [4.0] [cxt 0] Parser 'parser' entering state 'parse_ipv4'
[23:23:47.208] [bmv2] [D] [thread 14012] [4.0] [cxt 0] Extracting header 'ipv4'
[23:23:47.208] [bmv2] [D] [thread 14012] [4.0] [cxt 0] Parser state 'parse_ipv4' has no switch, going to default next state
[23:23:47.208] [bmv2] [T] [thread 14012] [4.0] [cxt 0] Bytes parsed: 34
[23:23:47.208] [bmv2] [D] [thread 14012] [4.0] [cxt 0] Verifying checksum 'cksum_0': true
[23:23:47.208] [bmv2] [D] [thread 14012] [4.0] [cxt 0] Parser 'parser': end
[23:23:47.208] [bmv2] [D] [thread 14012] [4.0] [cxt 0] Pipeline 'ingress': start
[23:23:47.208] [bmv2] [T] [thread 14012] [4.0] [cxt 0] Applying table 'ipv4_lpm'
[23:23:47.208] [bmv2] [D] [thread 14012] [4.0] [cxt 0] Looking up key:
* ipv4.dstAddr        : 0a000101

[23:23:47.208] [bmv2] [D] [thread 14012] [4.0] [cxt 0] Table 'ipv4_lpm': hit with handle 0
[23:23:47.208] [bmv2] [D] [thread 14012] [4.0] [cxt 0] Dumping entry 0
Match key:
* ipv4.dstAddr        : LPM       0a000100/24
Action entry: set_nhop - 200000001,1,

[23:23:47.208] [bmv2] [D] [thread 14012] [4.0] [cxt 0] Action entry is set_nhop - 200000001,1,
[23:23:47.208] [bmv2] [T] [thread 14012] [4.0] [cxt 0] Action set_nhop
[23:23:47.208] [bmv2] [T] [thread 14012] [4.0] [cxt 0] ip_forward.p4(81) Primitive hdr.ethernet.srcAddr = hdr.ethernet.dstAddr
[23:23:47.208] [bmv2] [T] [thread 14012] [4.0] [cxt 0] ip_forward.p4(84) Primitive hdr.ethernet.dstAddr = dstAddr
[23:23:47.208] [bmv2] [T] [thread 14012] [4.0] [cxt 0] ip_forward.p4(87) Primitive standard_metadata.egress_spec = port
[23:23:47.208] [bmv2] [T] [thread 14012] [4.0] [cxt 0] ip_forward.p4(90) Primitive hdr.ipv4.ttl = hdr.ipv4.ttl - 1
[23:23:47.208] [bmv2] [D] [thread 14012] [4.0] [cxt 0] Pipeline 'ingress': end
[23:23:47.208] [bmv2] [D] [thread 14012] [4.0] [cxt 0] Egress port is 1
[23:23:47.208] [bmv2] [D] [thread 14014] [4.0] [cxt 0] Pipeline 'egress': start
[23:23:47.208] [bmv2] [D] [thread 14014] [4.0] [cxt 0] Pipeline 'egress': end
[23:23:47.208] [bmv2] [D] [thread 14014] [4.0] [cxt 0] Deparser 'deparser': start
[23:23:47.208] [bmv2] [D] [thread 14014] [4.0] [cxt 0] Updating checksum 'cksum'
[23:23:47.208] [bmv2] [D] [thread 14014] [4.0] [cxt 0] Deparsing header 'ethernet'
[23:23:47.208] [bmv2] [D] [thread 14014] [4.0] [cxt 0] Deparsing header 'ipv4'
[23:23:47.208] [bmv2] [D] [thread 14014] [4.0] [cxt 0] Deparser 'deparser': end
[23:23:47.208] [bmv2] [D] [thread 14017] [4.0] [cxt 0] Transmitting packet of size 98 out of port 1
open: No such file or directory
open: No such file or directory
open: No such file or directory
open: No such file or directory
